[0.020s] Invoking command in '/home/username/ros2_ws/src/build/low_alt': CMAKE_PREFIX_PATH=${CMAKE_PREFIX_PATH}:/home/username/ros2_ws/src/install/odometry_publisher:/home/username/ros2_ws/install/odometry_publisher:/home/username/ros2_ws/install/detection:/opt/ros/jazzy /usr/bin/cmake /home/username/ros2_ws/src/low_alt -DCMAKE_INSTALL_PREFIX=/home/username/ros2_ws/src/install/low_alt
[0.156s] -- The C compiler identification is GNU 13.3.0
[0.294s] -- The CXX compiler identification is GNU 13.3.0
[0.323s] -- Detecting C compiler ABI info
[0.525s] -- Detecting C compiler ABI info - done
[0.540s] -- Check for working C compiler: /usr/bin/cc - skipped
[0.540s] -- Detecting C compile features
[0.541s] -- Detecting C compile features - done
[0.557s] -- Detecting CXX compiler ABI info
[0.773s] -- Detecting CXX compiler ABI info - done
[0.788s] -- Check for working CXX compiler: /usr/bin/c++ - skipped
[0.788s] -- Detecting CXX compile features
[0.789s] -- Detecting CXX compile features - done
[0.793s] -- Found ament_cmake: 2.5.3 (/opt/ros/jazzy/share/ament_cmake/cmake)
[1.107s] -- Found Python3: /usr/bin/python3 (found version "3.12.3") found components: Interpreter 
[1.313s] -- Found rclcpp: 28.1.6 (/opt/ros/jazzy/share/rclcpp/cmake)
[1.360s] -- Found rosidl_generator_c: 4.6.5 (/opt/ros/jazzy/share/rosidl_generator_c/cmake)
[1.379s] -- Found rosidl_generator_cpp: 4.6.5 (/opt/ros/jazzy/share/rosidl_generator_cpp/cmake)
[1.402s] -- Using all available rosidl_typesupport_c: rosidl_typesupport_fastrtps_c;rosidl_typesupport_introspection_c
[1.427s] -- Using all available rosidl_typesupport_cpp: rosidl_typesupport_fastrtps_cpp;rosidl_typesupport_introspection_cpp
[1.534s] -- Found rmw_implementation_cmake: 7.3.1 (/opt/ros/jazzy/share/rmw_implementation_cmake/cmake)
[1.539s] -- Found rmw_fastrtps_cpp: 8.4.1 (/opt/ros/jazzy/share/rmw_fastrtps_cpp/cmake)
[1.690s] -- Found OpenSSL: /usr/lib/aarch64-linux-gnu/libcrypto.so (found version "3.0.13")  
[1.713s] -- Found FastRTPS: /opt/ros/jazzy/include (Required is at least version "2.13") 
[1.754s] -- Using RMW implementation 'rmw_fastrtps_cpp' as default
[1.856s] -- Found sensor_msgs: 5.3.5 (/opt/ros/jazzy/share/sensor_msgs/cmake)
[2.126s] -- Configuring done (2.1s)
[2.148s] -- Generating done (0.0s)
[2.155s] -- Build files have been written to: /home/username/ros2_ws/src/build/low_alt
[2.177s] Invoked command in '/home/username/ros2_ws/src/build/low_alt' returned '0': CMAKE_PREFIX_PATH=${CMAKE_PREFIX_PATH}:/home/username/ros2_ws/src/install/odometry_publisher:/home/username/ros2_ws/install/odometry_publisher:/home/username/ros2_ws/install/detection:/opt/ros/jazzy /usr/bin/cmake /home/username/ros2_ws/src/low_alt -DCMAKE_INSTALL_PREFIX=/home/username/ros2_ws/src/install/low_alt
[2.179s] Invoking command in '/home/username/ros2_ws/src/build/low_alt': CMAKE_PREFIX_PATH=${CMAKE_PREFIX_PATH}:/home/username/ros2_ws/src/install/odometry_publisher:/home/username/ros2_ws/install/odometry_publisher:/home/username/ros2_ws/install/detection:/opt/ros/jazzy /usr/bin/cmake --build /home/username/ros2_ws/src/build/low_alt
[2.267s] [ 50%] [32mBuilding CXX object CMakeFiles/seekcamera_publisher.dir/src/seekcamera_publisher.cpp.o[0m
[10.578s] [100%] [32m[1mLinking CXX executable seekcamera_publisher[0m
[11.138s] gmake[2]: *** Deleting file 'seekcamera_publisher'
[11.141s] gmake[2]: *** [CMakeFiles/seekcamera_publisher.dir/build.make:185: seekcamera_publisher] Interrupt
[11.143s] gmake[1]: *** [CMakeFiles/Makefile2:137: CMakeFiles/seekcamera_publisher.dir/all] Interrupt
[11.143s] gmake: *** [Makefile:146: all] Interrupt
