-- Found ament_cmake: 2.5.3 (/opt/ros/jazzy/share/ament_cmake/cmake)
-- Found rosidl_default_generators: 1.6.0 (/opt/ros/jazzy/share/rosidl_default_generators/cmake)
-- Using all available rosidl_typesupport_c: rosidl_typesupport_fastrtps_c;rosidl_typesupport_introspection_c
-- Using all available rosidl_typesupport_cpp: rosidl_typesupport_fastrtps_cpp;rosidl_typesupport_introspection_cpp
-- Found rosidl_adapter: 4.6.5 (/opt/ros/jazzy/share/rosidl_adapter/cmake)
-- Found ament_cmake_ros: 0.12.0 (/opt/ros/jazzy/share/ament_cmake_ros/cmake)
-- Using all available rosidl_typesupport_c: rosidl_typesupport_fastrtps_c;rosidl_typesupport_introspection_c
-- Using all available rosidl_typesupport_cpp: rosidl_typesupport_fastrtps_cpp;rosidl_typesupport_introspection_cpp
-- Found python_cmake_module: 0.11.1 (/opt/ros/jazzy/share/python_cmake_module/cmake)
-- Found PythonExtra: /usr/bin/python3  
-- Found Python3: /usr/bin/python3 (found version "3.12.3") found components: Interpreter Development NumPy Development.Module Development.Embed 
-- Found ament_lint_auto: 0.17.1 (/opt/ros/jazzy/share/ament_lint_auto/cmake)
-- Added test 'lint_cmake' to check CMake code style
-- Added test 'xmllint' to check XML markup files
-- Configuring done (5.1s)
-- Generating done (0.1s)
-- Build files have been written to: /home/username/ros2_ws/src/build/custom_msgs
[  2%] [34m[1mGenerating type hashes for ROS interfaces[0m
[  2%] Built target ament_cmake_python_copy_custom_msgs
[  2%] Built target custom_msgs__rosidl_generator_type_description
[  5%] [34m[1mGenerating C code for ROS interfaces[0m
[  8%] [34m[1mGenerating C++ code for ROS interfaces[0m
running egg_info
creating custom_msgs.egg-info
writing custom_msgs.egg-info/PKG-INFO
writing dependency_links to custom_msgs.egg-info/dependency_links.txt
writing top-level names to custom_msgs.egg-info/top_level.txt
writing manifest file 'custom_msgs.egg-info/SOURCES.txt'
reading manifest file 'custom_msgs.egg-info/SOURCES.txt'
writing manifest file 'custom_msgs.egg-info/SOURCES.txt'
[  8%] Built target ament_cmake_python_build_custom_msgs_egg
[  8%] Built target custom_msgs__cpp
[ 14%] [32mBuilding C object CMakeFiles/custom_msgs__rosidl_generator_c.dir/rosidl_generator_c/custom_msgs/msg/detail/custom_odometry_msg__functions.c.o[0m
[ 14%] [32mBuilding C object CMakeFiles/custom_msgs__rosidl_generator_c.dir/rosidl_generator_c/custom_msgs/msg/detail/custom_odometry_msg__type_support.c.o[0m
[ 17%] [32mBuilding C object CMakeFiles/custom_msgs__rosidl_generator_c.dir/rosidl_generator_c/custom_msgs/msg/detail/custom_odometry_msg__description.c.o[0m
[ 20%] [32m[1mLinking C shared library libcustom_msgs__rosidl_generator_c.so[0m
[ 20%] Built target custom_msgs__rosidl_generator_c
[ 26%] [34m[1mGenerating C++ introspection for ROS interfaces[0m
[ 26%] [34m[1mGenerating C++ type support dispatch for ROS interfaces[0m
[ 29%] [34m[1mGenerating C++ type support for eProsima Fast-RTPS[0m
[ 32%] [34m[1mGenerating C type support for eProsima Fast-RTPS[0m
[ 35%] [32mBuilding CXX object CMakeFiles/custom_msgs__rosidl_typesupport_fastrtps_cpp.dir/rosidl_typesupport_fastrtps_cpp/custom_msgs/msg/detail/dds_fastrtps/custom_odometry_msg__type_support.cpp.o[0m
[ 38%] [32mBuilding CXX object CMakeFiles/custom_msgs__rosidl_typesupport_cpp.dir/rosidl_typesupport_cpp/custom_msgs/msg/custom_odometry_msg__type_support.cpp.o[0m
[ 41%] [32mBuilding CXX object CMakeFiles/custom_msgs__rosidl_typesupport_introspection_cpp.dir/rosidl_typesupport_introspection_cpp/custom_msgs/msg/detail/custom_odometry_msg__type_support.cpp.o[0m
[ 44%] [32mBuilding CXX object CMakeFiles/custom_msgs__rosidl_typesupport_fastrtps_c.dir/rosidl_typesupport_fastrtps_c/custom_msgs/msg/detail/custom_odometry_msg__type_support_c.cpp.o[0m
[ 47%] [32m[1mLinking CXX shared library libcustom_msgs__rosidl_typesupport_cpp.so[0m
[ 50%] [32m[1mLinking CXX shared library libcustom_msgs__rosidl_typesupport_introspection_cpp.so[0m
[ 50%] Built target custom_msgs__rosidl_typesupport_cpp
[ 52%] [34m[1mGenerating C introspection for ROS interfaces[0m
[ 52%] Built target custom_msgs__rosidl_typesupport_introspection_cpp
[ 55%] [34m[1mGenerating C type support dispatch for ROS interfaces[0m
[ 58%] [32m[1mLinking CXX shared library libcustom_msgs__rosidl_typesupport_fastrtps_c.so[0m
[ 61%] [32m[1mLinking CXX shared library libcustom_msgs__rosidl_typesupport_fastrtps_cpp.so[0m
[ 61%] Built target custom_msgs__rosidl_typesupport_fastrtps_cpp
[ 61%] Built target custom_msgs__rosidl_typesupport_fastrtps_c
[ 64%] [32mBuilding C object CMakeFiles/custom_msgs__rosidl_typesupport_introspection_c.dir/rosidl_typesupport_introspection_c/custom_msgs/msg/detail/custom_odometry_msg__type_support.c.o[0m
[ 67%] [32m[1mLinking C shared library libcustom_msgs__rosidl_typesupport_introspection_c.so[0m
[ 70%] [32mBuilding CXX object CMakeFiles/custom_msgs__rosidl_typesupport_c.dir/rosidl_typesupport_c/custom_msgs/msg/custom_odometry_msg__type_support.cpp.o[0m
[ 70%] Built target custom_msgs__rosidl_typesupport_introspection_c
[ 73%] [32m[1mLinking CXX shared library libcustom_msgs__rosidl_typesupport_c.so[0m
[ 73%] Built target custom_msgs__rosidl_typesupport_c
[ 73%] Built target custom_msgs
[ 76%] [34m[1mGenerating Python code for ROS interfaces[0m
[ 76%] Built target custom_msgs__py
[ 79%] [32mBuilding C object CMakeFiles/custom_msgs__rosidl_generator_py.dir/rosidl_generator_py/custom_msgs/msg/_custom_odometry_msg_s.c.o[0m
[ 82%] [32m[1mLinking C shared library libcustom_msgs__rosidl_generator_py.so[0m
[ 82%] Built target custom_msgs__rosidl_generator_py
[ 85%] [32mBuilding C object CMakeFiles/custom_msgs_s__rosidl_typesupport_c.dir/rosidl_generator_py/custom_msgs/_custom_msgs_s.ep.rosidl_typesupport_c.c.o[0m
[ 88%] [32mBuilding C object CMakeFiles/custom_msgs_s__rosidl_typesupport_fastrtps_c.dir/rosidl_generator_py/custom_msgs/_custom_msgs_s.ep.rosidl_typesupport_fastrtps_c.c.o[0m
[ 91%] [32mBuilding C object CMakeFiles/custom_msgs_s__rosidl_typesupport_introspection_c.dir/rosidl_generator_py/custom_msgs/_custom_msgs_s.ep.rosidl_typesupport_introspection_c.c.o[0m
[ 94%] [32m[1mLinking C shared module rosidl_generator_py/custom_msgs/custom_msgs_s__rosidl_typesupport_c.so[0m
[ 97%] [32m[1mLinking C shared module rosidl_generator_py/custom_msgs/custom_msgs_s__rosidl_typesupport_fastrtps_c.so[0m
[100%] [32m[1mLinking C shared module rosidl_generator_py/custom_msgs/custom_msgs_s__rosidl_typesupport_introspection_c.so[0m
[100%] Built target custom_msgs_s__rosidl_typesupport_introspection_c
[100%] Built target custom_msgs_s__rosidl_typesupport_fastrtps_c
[100%] Built target custom_msgs_s__rosidl_typesupport_c
-- Install configuration: ""
-- Installing: /home/username/ros2_ws/src/install/custom_msgs/share/ament_index/resource_index/rosidl_interfaces/custom_msgs
-- Installing: /home/username/ros2_ws/src/install/custom_msgs/share/custom_msgs/msg/CustomOdometryMsg.json
-- Installing: /home/username/ros2_ws/src/install/custom_msgs/include/custom_msgs/custom_msgs
-- Installing: /home/username/ros2_ws/src/install/custom_msgs/include/custom_msgs/custom_msgs/msg
-- Installing: /home/username/ros2_ws/src/install/custom_msgs/include/custom_msgs/custom_msgs/msg/custom_odometry_msg.h
-- Installing: /home/username/ros2_ws/src/install/custom_msgs/include/custom_msgs/custom_msgs/msg/rosidl_generator_c__visibility_control.h
-- Installing: /home/username/ros2_ws/src/install/custom_msgs/include/custom_msgs/custom_msgs/msg/detail
-- Installing: /home/username/ros2_ws/src/install/custom_msgs/include/custom_msgs/custom_msgs/msg/detail/custom_odometry_msg__type_support.h
-- Installing: /home/username/ros2_ws/src/install/custom_msgs/include/custom_msgs/custom_msgs/msg/detail/custom_odometry_msg__functions.h
-- Installing: /home/username/ros2_ws/src/install/custom_msgs/include/custom_msgs/custom_msgs/msg/detail/custom_odometry_msg__description.c
-- Installing: /home/username/ros2_ws/src/install/custom_msgs/include/custom_msgs/custom_msgs/msg/detail/custom_odometry_msg__type_support.c
-- Installing: /home/username/ros2_ws/src/install/custom_msgs/include/custom_msgs/custom_msgs/msg/detail/custom_odometry_msg__struct.h
-- Installing: /home/username/ros2_ws/src/install/custom_msgs/include/custom_msgs/custom_msgs/msg/detail/custom_odometry_msg__functions.c
-- Installing: /home/username/ros2_ws/src/install/custom_msgs/share/custom_msgs/environment/library_path.sh
-- Installing: /home/username/ros2_ws/src/install/custom_msgs/share/custom_msgs/environment/library_path.dsv
-- Installing: /home/username/ros2_ws/src/install/custom_msgs/lib/libcustom_msgs__rosidl_generator_c.so
-- Set non-toolchain portion of runtime path of "/home/username/ros2_ws/src/install/custom_msgs/lib/libcustom_msgs__rosidl_generator_c.so" to ""
-- Up-to-date: /home/username/ros2_ws/src/install/custom_msgs/include/custom_msgs/custom_msgs
-- Up-to-date: /home/username/ros2_ws/src/install/custom_msgs/include/custom_msgs/custom_msgs/msg
-- Installing: /home/username/ros2_ws/src/install/custom_msgs/include/custom_msgs/custom_msgs/msg/rosidl_typesupport_fastrtps_c__visibility_control.h
-- Up-to-date: /home/username/ros2_ws/src/install/custom_msgs/include/custom_msgs/custom_msgs/msg/detail
-- Installing: /home/username/ros2_ws/src/install/custom_msgs/include/custom_msgs/custom_msgs/msg/detail/custom_odometry_msg__rosidl_typesupport_fastrtps_c.h
-- Installing: /home/username/ros2_ws/src/install/custom_msgs/lib/libcustom_msgs__rosidl_typesupport_fastrtps_c.so
-- Set non-toolchain portion of runtime path of "/home/username/ros2_ws/src/install/custom_msgs/lib/libcustom_msgs__rosidl_typesupport_fastrtps_c.so" to ""
-- Up-to-date: /home/username/ros2_ws/src/install/custom_msgs/include/custom_msgs/custom_msgs
-- Up-to-date: /home/username/ros2_ws/src/install/custom_msgs/include/custom_msgs/custom_msgs/msg
-- Installing: /home/username/ros2_ws/src/install/custom_msgs/include/custom_msgs/custom_msgs/msg/rosidl_typesupport_introspection_c__visibility_control.h
-- Up-to-date: /home/username/ros2_ws/src/install/custom_msgs/include/custom_msgs/custom_msgs/msg/detail
-- Installing: /home/username/ros2_ws/src/install/custom_msgs/include/custom_msgs/custom_msgs/msg/detail/custom_odometry_msg__rosidl_typesupport_introspection_c.h
-- Installing: /home/username/ros2_ws/src/install/custom_msgs/include/custom_msgs/custom_msgs/msg/detail/custom_odometry_msg__type_support.c
-- Installing: /home/username/ros2_ws/src/install/custom_msgs/lib/libcustom_msgs__rosidl_typesupport_introspection_c.so
-- Set non-toolchain portion of runtime path of "/home/username/ros2_ws/src/install/custom_msgs/lib/libcustom_msgs__rosidl_typesupport_introspection_c.so" to ""
-- Installing: /home/username/ros2_ws/src/install/custom_msgs/lib/libcustom_msgs__rosidl_typesupport_c.so
-- Set non-toolchain portion of runtime path of "/home/username/ros2_ws/src/install/custom_msgs/lib/libcustom_msgs__rosidl_typesupport_c.so" to ""
-- Up-to-date: /home/username/ros2_ws/src/install/custom_msgs/include/custom_msgs/custom_msgs
-- Up-to-date: /home/username/ros2_ws/src/install/custom_msgs/include/custom_msgs/custom_msgs/msg
-- Up-to-date: /home/username/ros2_ws/src/install/custom_msgs/include/custom_msgs/custom_msgs/msg/detail
-- Installing: /home/username/ros2_ws/src/install/custom_msgs/include/custom_msgs/custom_msgs/msg/detail/custom_odometry_msg__struct.hpp
-- Installing: /home/username/ros2_ws/src/install/custom_msgs/include/custom_msgs/custom_msgs/msg/detail/custom_odometry_msg__type_support.hpp
-- Installing: /home/username/ros2_ws/src/install/custom_msgs/include/custom_msgs/custom_msgs/msg/detail/custom_odometry_msg__builder.hpp
-- Installing: /home/username/ros2_ws/src/install/custom_msgs/include/custom_msgs/custom_msgs/msg/detail/custom_odometry_msg__traits.hpp
-- Installing: /home/username/ros2_ws/src/install/custom_msgs/include/custom_msgs/custom_msgs/msg/custom_odometry_msg.hpp
-- Installing: /home/username/ros2_ws/src/install/custom_msgs/include/custom_msgs/custom_msgs/msg/rosidl_generator_cpp__visibility_control.hpp
-- Up-to-date: /home/username/ros2_ws/src/install/custom_msgs/include/custom_msgs/custom_msgs
-- Up-to-date: /home/username/ros2_ws/src/install/custom_msgs/include/custom_msgs/custom_msgs/msg
-- Installing: /home/username/ros2_ws/src/install/custom_msgs/include/custom_msgs/custom_msgs/msg/rosidl_typesupport_fastrtps_cpp__visibility_control.h
-- Up-to-date: /home/username/ros2_ws/src/install/custom_msgs/include/custom_msgs/custom_msgs/msg/detail
-- Installing: /home/username/ros2_ws/src/install/custom_msgs/include/custom_msgs/custom_msgs/msg/detail/dds_fastrtps
-- Installing: /home/username/ros2_ws/src/install/custom_msgs/include/custom_msgs/custom_msgs/msg/detail/custom_odometry_msg__rosidl_typesupport_fastrtps_cpp.hpp
-- Installing: /home/username/ros2_ws/src/install/custom_msgs/lib/libcustom_msgs__rosidl_typesupport_fastrtps_cpp.so
-- Set non-toolchain portion of runtime path of "/home/username/ros2_ws/src/install/custom_msgs/lib/libcustom_msgs__rosidl_typesupport_fastrtps_cpp.so" to ""
-- Up-to-date: /home/username/ros2_ws/src/install/custom_msgs/include/custom_msgs/custom_msgs
-- Up-to-date: /home/username/ros2_ws/src/install/custom_msgs/include/custom_msgs/custom_msgs/msg
-- Up-to-date: /home/username/ros2_ws/src/install/custom_msgs/include/custom_msgs/custom_msgs/msg/detail
-- Installing: /home/username/ros2_ws/src/install/custom_msgs/include/custom_msgs/custom_msgs/msg/detail/custom_odometry_msg__type_support.cpp
-- Installing: /home/username/ros2_ws/src/install/custom_msgs/include/custom_msgs/custom_msgs/msg/detail/custom_odometry_msg__rosidl_typesupport_introspection_cpp.hpp
-- Installing: /home/username/ros2_ws/src/install/custom_msgs/lib/libcustom_msgs__rosidl_typesupport_introspection_cpp.so
-- Set non-toolchain portion of runtime path of "/home/username/ros2_ws/src/install/custom_msgs/lib/libcustom_msgs__rosidl_typesupport_introspection_cpp.so" to ""
-- Installing: /home/username/ros2_ws/src/install/custom_msgs/lib/libcustom_msgs__rosidl_typesupport_cpp.so
-- Set non-toolchain portion of runtime path of "/home/username/ros2_ws/src/install/custom_msgs/lib/libcustom_msgs__rosidl_typesupport_cpp.so" to ""
-- Installing: /home/username/ros2_ws/src/install/custom_msgs/share/custom_msgs/environment/pythonpath.sh
-- Installing: /home/username/ros2_ws/src/install/custom_msgs/share/custom_msgs/environment/pythonpath.dsv
-- Installing: /home/username/ros2_ws/src/install/custom_msgs/lib/python3.12/site-packages/custom_msgs-0.0.0-py3.12.egg-info
-- Installing: /home/username/ros2_ws/src/install/custom_msgs/lib/python3.12/site-packages/custom_msgs-0.0.0-py3.12.egg-info/dependency_links.txt
-- Installing: /home/username/ros2_ws/src/install/custom_msgs/lib/python3.12/site-packages/custom_msgs-0.0.0-py3.12.egg-info/PKG-INFO
-- Installing: /home/username/ros2_ws/src/install/custom_msgs/lib/python3.12/site-packages/custom_msgs-0.0.0-py3.12.egg-info/top_level.txt
-- Installing: /home/username/ros2_ws/src/install/custom_msgs/lib/python3.12/site-packages/custom_msgs-0.0.0-py3.12.egg-info/SOURCES.txt
-- Installing: /home/username/ros2_ws/src/install/custom_msgs/lib/python3.12/site-packages/custom_msgs
-- Installing: /home/username/ros2_ws/src/install/custom_msgs/lib/python3.12/site-packages/custom_msgs/custom_msgs_s__rosidl_typesupport_c.so
-- Installing: /home/username/ros2_ws/src/install/custom_msgs/lib/python3.12/site-packages/custom_msgs/_custom_msgs_s.ep.rosidl_typesupport_fastrtps_c.c
-- Installing: /home/username/ros2_ws/src/install/custom_msgs/lib/python3.12/site-packages/custom_msgs/_custom_msgs_s.ep.rosidl_typesupport_c.c
-- Installing: /home/username/ros2_ws/src/install/custom_msgs/lib/python3.12/site-packages/custom_msgs/msg
-- Installing: /home/username/ros2_ws/src/install/custom_msgs/lib/python3.12/site-packages/custom_msgs/msg/_custom_odometry_msg_s.c
-- Installing: /home/username/ros2_ws/src/install/custom_msgs/lib/python3.12/site-packages/custom_msgs/msg/_custom_odometry_msg.py
-- Installing: /home/username/ros2_ws/src/install/custom_msgs/lib/python3.12/site-packages/custom_msgs/msg/__init__.py
-- Installing: /home/username/ros2_ws/src/install/custom_msgs/lib/python3.12/site-packages/custom_msgs/_custom_msgs_s.ep.rosidl_typesupport_introspection_c.c
-- Installing: /home/username/ros2_ws/src/install/custom_msgs/lib/python3.12/site-packages/custom_msgs/custom_msgs_s__rosidl_typesupport_introspection_c.so
-- Installing: /home/username/ros2_ws/src/install/custom_msgs/lib/python3.12/site-packages/custom_msgs/__init__.py
-- Installing: /home/username/ros2_ws/src/install/custom_msgs/lib/python3.12/site-packages/custom_msgs/custom_msgs_s__rosidl_typesupport_fastrtps_c.so
Listing '/home/username/ros2_ws/src/install/custom_msgs/lib/python3.12/site-packages/custom_msgs'...
Compiling '/home/username/ros2_ws/src/install/custom_msgs/lib/python3.12/site-packages/custom_msgs/__init__.py'...
Listing '/home/username/ros2_ws/src/install/custom_msgs/lib/python3.12/site-packages/custom_msgs/msg'...
Compiling '/home/username/ros2_ws/src/install/custom_msgs/lib/python3.12/site-packages/custom_msgs/msg/__init__.py'...
Compiling '/home/username/ros2_ws/src/install/custom_msgs/lib/python3.12/site-packages/custom_msgs/msg/_custom_odometry_msg.py'...
-- Installing: /home/username/ros2_ws/src/install/custom_msgs/lib/python3.12/site-packages/custom_msgs/custom_msgs_s__rosidl_typesupport_fastrtps_c.so
-- Set non-toolchain portion of runtime path of "/home/username/ros2_ws/src/install/custom_msgs/lib/python3.12/site-packages/custom_msgs/custom_msgs_s__rosidl_typesupport_fastrtps_c.so" to ""
-- Installing: /home/username/ros2_ws/src/install/custom_msgs/lib/python3.12/site-packages/custom_msgs/custom_msgs_s__rosidl_typesupport_introspection_c.so
-- Set non-toolchain portion of runtime path of "/home/username/ros2_ws/src/install/custom_msgs/lib/python3.12/site-packages/custom_msgs/custom_msgs_s__rosidl_typesupport_introspection_c.so" to ""
-- Installing: /home/username/ros2_ws/src/install/custom_msgs/lib/python3.12/site-packages/custom_msgs/custom_msgs_s__rosidl_typesupport_c.so
-- Set non-toolchain portion of runtime path of "/home/username/ros2_ws/src/install/custom_msgs/lib/python3.12/site-packages/custom_msgs/custom_msgs_s__rosidl_typesupport_c.so" to ""
-- Installing: /home/username/ros2_ws/src/install/custom_msgs/lib/libcustom_msgs__rosidl_generator_py.so
-- Set non-toolchain portion of runtime path of "/home/username/ros2_ws/src/install/custom_msgs/lib/libcustom_msgs__rosidl_generator_py.so" to ""
-- Installing: /home/username/ros2_ws/src/install/custom_msgs/share/custom_msgs/msg/CustomOdometryMsg.idl
-- Installing: /home/username/ros2_ws/src/install/custom_msgs/share/custom_msgs/msg/CustomOdometryMsg.msg
-- Installing: /home/username/ros2_ws/src/install/custom_msgs/share/ament_index/resource_index/package_run_dependencies/custom_msgs
-- Installing: /home/username/ros2_ws/src/install/custom_msgs/share/ament_index/resource_index/parent_prefix_path/custom_msgs
-- Installing: /home/username/ros2_ws/src/install/custom_msgs/share/custom_msgs/environment/ament_prefix_path.sh
-- Installing: /home/username/ros2_ws/src/install/custom_msgs/share/custom_msgs/environment/ament_prefix_path.dsv
-- Installing: /home/username/ros2_ws/src/install/custom_msgs/share/custom_msgs/environment/path.sh
-- Installing: /home/username/ros2_ws/src/install/custom_msgs/share/custom_msgs/environment/path.dsv
-- Installing: /home/username/ros2_ws/src/install/custom_msgs/share/custom_msgs/local_setup.bash
-- Installing: /home/username/ros2_ws/src/install/custom_msgs/share/custom_msgs/local_setup.sh
-- Installing: /home/username/ros2_ws/src/install/custom_msgs/share/custom_msgs/local_setup.zsh
-- Installing: /home/username/ros2_ws/src/install/custom_msgs/share/custom_msgs/local_setup.dsv
-- Installing: /home/username/ros2_ws/src/install/custom_msgs/share/custom_msgs/package.dsv
-- Installing: /home/username/ros2_ws/src/install/custom_msgs/share/ament_index/resource_index/packages/custom_msgs
-- Installing: /home/username/ros2_ws/src/install/custom_msgs/share/custom_msgs/cmake/export_custom_msgs__rosidl_generator_cExport.cmake
-- Installing: /home/username/ros2_ws/src/install/custom_msgs/share/custom_msgs/cmake/export_custom_msgs__rosidl_generator_cExport-noconfig.cmake
-- Installing: /home/username/ros2_ws/src/install/custom_msgs/share/custom_msgs/cmake/export_custom_msgs__rosidl_typesupport_fastrtps_cExport.cmake
-- Installing: /home/username/ros2_ws/src/install/custom_msgs/share/custom_msgs/cmake/export_custom_msgs__rosidl_typesupport_fastrtps_cExport-noconfig.cmake
-- Installing: /home/username/ros2_ws/src/install/custom_msgs/share/custom_msgs/cmake/custom_msgs__rosidl_typesupport_introspection_cExport.cmake
-- Installing: /home/username/ros2_ws/src/install/custom_msgs/share/custom_msgs/cmake/custom_msgs__rosidl_typesupport_introspection_cExport-noconfig.cmake
-- Installing: /home/username/ros2_ws/src/install/custom_msgs/share/custom_msgs/cmake/custom_msgs__rosidl_typesupport_cExport.cmake
-- Installing: /home/username/ros2_ws/src/install/custom_msgs/share/custom_msgs/cmake/custom_msgs__rosidl_typesupport_cExport-noconfig.cmake
-- Installing: /home/username/ros2_ws/src/install/custom_msgs/share/custom_msgs/cmake/export_custom_msgs__rosidl_generator_cppExport.cmake
-- Installing: /home/username/ros2_ws/src/install/custom_msgs/share/custom_msgs/cmake/export_custom_msgs__rosidl_typesupport_fastrtps_cppExport.cmake
-- Installing: /home/username/ros2_ws/src/install/custom_msgs/share/custom_msgs/cmake/export_custom_msgs__rosidl_typesupport_fastrtps_cppExport-noconfig.cmake
-- Installing: /home/username/ros2_ws/src/install/custom_msgs/share/custom_msgs/cmake/custom_msgs__rosidl_typesupport_introspection_cppExport.cmake
-- Installing: /home/username/ros2_ws/src/install/custom_msgs/share/custom_msgs/cmake/custom_msgs__rosidl_typesupport_introspection_cppExport-noconfig.cmake
-- Installing: /home/username/ros2_ws/src/install/custom_msgs/share/custom_msgs/cmake/custom_msgs__rosidl_typesupport_cppExport.cmake
-- Installing: /home/username/ros2_ws/src/install/custom_msgs/share/custom_msgs/cmake/custom_msgs__rosidl_typesupport_cppExport-noconfig.cmake
-- Installing: /home/username/ros2_ws/src/install/custom_msgs/share/custom_msgs/cmake/export_custom_msgs__rosidl_generator_pyExport.cmake
-- Installing: /home/username/ros2_ws/src/install/custom_msgs/share/custom_msgs/cmake/export_custom_msgs__rosidl_generator_pyExport-noconfig.cmake
-- Installing: /home/username/ros2_ws/src/install/custom_msgs/share/custom_msgs/cmake/rosidl_cmake-extras.cmake
-- Installing: /home/username/ros2_ws/src/install/custom_msgs/share/custom_msgs/cmake/ament_cmake_export_include_directories-extras.cmake
-- Installing: /home/username/ros2_ws/src/install/custom_msgs/share/custom_msgs/cmake/ament_cmake_export_libraries-extras.cmake
-- Installing: /home/username/ros2_ws/src/install/custom_msgs/share/custom_msgs/cmake/ament_cmake_export_targets-extras.cmake
-- Installing: /home/username/ros2_ws/src/install/custom_msgs/share/custom_msgs/cmake/rosidl_cmake_export_typesupport_targets-extras.cmake
-- Installing: /home/username/ros2_ws/src/install/custom_msgs/share/custom_msgs/cmake/ament_cmake_export_dependencies-extras.cmake
-- Installing: /home/username/ros2_ws/src/install/custom_msgs/share/custom_msgs/cmake/rosidl_cmake_export_typesupport_libraries-extras.cmake
-- Installing: /home/username/ros2_ws/src/install/custom_msgs/share/custom_msgs/cmake/custom_msgsConfig.cmake
-- Installing: /home/username/ros2_ws/src/install/custom_msgs/share/custom_msgs/cmake/custom_msgsConfig-version.cmake
-- Installing: /home/username/ros2_ws/src/install/custom_msgs/share/custom_msgs/package.xml
