[0.016s] Invoking command in '/home/username/ros2_ws/src/build/custom_msgs': CMAKE_PREFIX_PATH=${CMAKE_PREFIX_PATH}:/home/username/ros2_ws/install/odometry_pkg:/opt/ros/jazzy /usr/bin/cmake /home/username/ros2_ws/src/custom_msgs -DCMAKE_INSTALL_PREFIX=/home/username/ros2_ws/src/install/custom_msgs
[0.041s] -- Found ament_cmake: 2.5.3 (/opt/ros/jazzy/share/ament_cmake/cmake)
[0.403s] -- Found rosidl_default_generators: 1.6.0 (/opt/ros/jazzy/share/rosidl_default_generators/cmake)
[0.409s] -- Using all available rosidl_typesupport_c: rosidl_typesupport_fastrtps_c;rosidl_typesupport_introspection_c
[0.454s] -- Using all available rosidl_typesupport_cpp: rosidl_typesupport_fastrtps_cpp;rosidl_typesupport_introspection_cpp
[0.494s] -- Found rosidl_adapter: 4.6.5 (/opt/ros/jazzy/share/rosidl_adapter/cmake)
[1.470s] -- Found ament_cmake_ros: 0.12.0 (/opt/ros/jazzy/share/ament_cmake_ros/cmake)
[2.206s] -- Using all available rosidl_typesupport_c: rosidl_typesupport_fastrtps_c;rosidl_typesupport_introspection_c
[3.257s] -- Using all available rosidl_typesupport_cpp: rosidl_typesupport_fastrtps_cpp;rosidl_typesupport_introspection_cpp
[3.264s] -- Found python_cmake_module: 0.11.1 (/opt/ros/jazzy/share/python_cmake_module/cmake)
[3.511s] -- Found PythonExtra: /usr/bin/python3  
[4.392s] -- Found Python3: /usr/bin/python3 (found version "3.12.3") found components: Interpreter Development NumPy Development.Module Development.Embed 
[4.511s] -- Found ament_lint_auto: 0.17.1 (/opt/ros/jazzy/share/ament_lint_auto/cmake)
[5.125s] -- Added test 'lint_cmake' to check CMake code style
[5.160s] -- Added test 'xmllint' to check XML markup files
[5.168s] -- Configuring done (5.1s)
[5.237s] -- Generating done (0.1s)
[5.272s] -- Build files have been written to: /home/username/ros2_ws/src/build/custom_msgs
[5.300s] Invoked command in '/home/username/ros2_ws/src/build/custom_msgs' returned '0': CMAKE_PREFIX_PATH=${CMAKE_PREFIX_PATH}:/home/username/ros2_ws/install/odometry_pkg:/opt/ros/jazzy /usr/bin/cmake /home/username/ros2_ws/src/custom_msgs -DCMAKE_INSTALL_PREFIX=/home/username/ros2_ws/src/install/custom_msgs
[5.301s] Invoking command in '/home/username/ros2_ws/src/build/custom_msgs': CMAKE_PREFIX_PATH=${CMAKE_PREFIX_PATH}:/home/username/ros2_ws/install/odometry_pkg:/opt/ros/jazzy /usr/bin/cmake --build /home/username/ros2_ws/src/build/custom_msgs -- -j4 -l4
[5.450s] [  2%] [34m[1mGenerating type hashes for ROS interfaces[0m
[5.482s] [  2%] Built target ament_cmake_python_copy_custom_msgs
[6.003s] [  2%] Built target custom_msgs__rosidl_generator_type_description
[6.039s] [  5%] [34m[1mGenerating C code for ROS interfaces[0m
[6.071s] [  8%] [34m[1mGenerating C++ code for ROS interfaces[0m
[6.259s] running egg_info
[6.270s] creating custom_msgs.egg-info
[6.343s] writing custom_msgs.egg-info/PKG-INFO
[6.343s] writing dependency_links to custom_msgs.egg-info/dependency_links.txt
[6.348s] writing top-level names to custom_msgs.egg-info/top_level.txt
[6.351s] writing manifest file 'custom_msgs.egg-info/SOURCES.txt'
[6.608s] reading manifest file 'custom_msgs.egg-info/SOURCES.txt'
[6.610s] writing manifest file 'custom_msgs.egg-info/SOURCES.txt'
[6.747s] [  8%] Built target ament_cmake_python_build_custom_msgs_egg
[7.189s] [  8%] Built target custom_msgs__cpp
[7.244s] [ 14%] [32mBuilding C object CMakeFiles/custom_msgs__rosidl_generator_c.dir/rosidl_generator_c/custom_msgs/msg/detail/custom_odometry_msg__functions.c.o[0m
[7.245s] [ 14%] [32mBuilding C object CMakeFiles/custom_msgs__rosidl_generator_c.dir/rosidl_generator_c/custom_msgs/msg/detail/custom_odometry_msg__type_support.c.o[0m
[7.249s] [ 17%] [32mBuilding C object CMakeFiles/custom_msgs__rosidl_generator_c.dir/rosidl_generator_c/custom_msgs/msg/detail/custom_odometry_msg__description.c.o[0m
[8.235s] [ 20%] [32m[1mLinking C shared library libcustom_msgs__rosidl_generator_c.so[0m
[8.330s] [ 20%] Built target custom_msgs__rosidl_generator_c
[8.355s] [ 26%] [34m[1mGenerating C++ introspection for ROS interfaces[0m
[8.357s] [ 26%] [34m[1mGenerating C++ type support dispatch for ROS interfaces[0m
[8.363s] [ 29%] [34m[1mGenerating C++ type support for eProsima Fast-RTPS[0m
[8.363s] [ 32%] [34m[1mGenerating C type support for eProsima Fast-RTPS[0m
[9.155s] [ 35%] [32mBuilding CXX object CMakeFiles/custom_msgs__rosidl_typesupport_fastrtps_cpp.dir/rosidl_typesupport_fastrtps_cpp/custom_msgs/msg/detail/dds_fastrtps/custom_odometry_msg__type_support.cpp.o[0m
[9.223s] [ 38%] [32mBuilding CXX object CMakeFiles/custom_msgs__rosidl_typesupport_cpp.dir/rosidl_typesupport_cpp/custom_msgs/msg/custom_odometry_msg__type_support.cpp.o[0m
[9.318s] [ 41%] [32mBuilding CXX object CMakeFiles/custom_msgs__rosidl_typesupport_introspection_cpp.dir/rosidl_typesupport_introspection_cpp/custom_msgs/msg/detail/custom_odometry_msg__type_support.cpp.o[0m
[9.343s] [ 44%] [32mBuilding CXX object CMakeFiles/custom_msgs__rosidl_typesupport_fastrtps_c.dir/rosidl_typesupport_fastrtps_c/custom_msgs/msg/detail/custom_odometry_msg__type_support_c.cpp.o[0m
[12.242s] [ 47%] [32m[1mLinking CXX shared library libcustom_msgs__rosidl_typesupport_cpp.so[0m
[12.375s] [ 50%] [32m[1mLinking CXX shared library libcustom_msgs__rosidl_typesupport_introspection_cpp.so[0m
[12.477s] [ 50%] Built target custom_msgs__rosidl_typesupport_cpp
[12.522s] [ 52%] [34m[1mGenerating C introspection for ROS interfaces[0m
[12.567s] [ 52%] Built target custom_msgs__rosidl_typesupport_introspection_cpp
[12.613s] [ 55%] [34m[1mGenerating C type support dispatch for ROS interfaces[0m
[12.887s] [ 58%] [32m[1mLinking CXX shared library libcustom_msgs__rosidl_typesupport_fastrtps_c.so[0m
[13.055s] [ 61%] [32m[1mLinking CXX shared library libcustom_msgs__rosidl_typesupport_fastrtps_cpp.so[0m
[13.345s] [ 61%] Built target custom_msgs__rosidl_typesupport_fastrtps_cpp
[13.361s] [ 61%] Built target custom_msgs__rosidl_typesupport_fastrtps_c
[13.419s] [ 64%] [32mBuilding C object CMakeFiles/custom_msgs__rosidl_typesupport_introspection_c.dir/rosidl_typesupport_introspection_c/custom_msgs/msg/detail/custom_odometry_msg__type_support.c.o[0m
[13.563s] [ 67%] [32m[1mLinking C shared library libcustom_msgs__rosidl_typesupport_introspection_c.so[0m
[13.576s] [ 70%] [32mBuilding CXX object CMakeFiles/custom_msgs__rosidl_typesupport_c.dir/rosidl_typesupport_c/custom_msgs/msg/custom_odometry_msg__type_support.cpp.o[0m
[13.656s] [ 70%] Built target custom_msgs__rosidl_typesupport_introspection_c
[13.707s] [ 73%] [32m[1mLinking CXX shared library libcustom_msgs__rosidl_typesupport_c.so[0m
[13.795s] [ 73%] Built target custom_msgs__rosidl_typesupport_c
[13.855s] [ 73%] Built target custom_msgs
[13.903s] [ 76%] [34m[1mGenerating Python code for ROS interfaces[0m
[14.650s] [ 76%] Built target custom_msgs__py
[14.708s] [ 79%] [32mBuilding C object CMakeFiles/custom_msgs__rosidl_generator_py.dir/rosidl_generator_py/custom_msgs/msg/_custom_odometry_msg_s.c.o[0m
[15.105s] [ 82%] [32m[1mLinking C shared library libcustom_msgs__rosidl_generator_py.so[0m
[15.222s] [ 82%] Built target custom_msgs__rosidl_generator_py
[15.291s] [ 85%] [32mBuilding C object CMakeFiles/custom_msgs_s__rosidl_typesupport_c.dir/rosidl_generator_py/custom_msgs/_custom_msgs_s.ep.rosidl_typesupport_c.c.o[0m
[15.294s] [ 88%] [32mBuilding C object CMakeFiles/custom_msgs_s__rosidl_typesupport_fastrtps_c.dir/rosidl_generator_py/custom_msgs/_custom_msgs_s.ep.rosidl_typesupport_fastrtps_c.c.o[0m
[15.295s] [ 91%] [32mBuilding C object CMakeFiles/custom_msgs_s__rosidl_typesupport_introspection_c.dir/rosidl_generator_py/custom_msgs/_custom_msgs_s.ep.rosidl_typesupport_introspection_c.c.o[0m
[15.552s] [ 94%] [32m[1mLinking C shared module rosidl_generator_py/custom_msgs/custom_msgs_s__rosidl_typesupport_c.so[0m
[15.565s] [ 97%] [32m[1mLinking C shared module rosidl_generator_py/custom_msgs/custom_msgs_s__rosidl_typesupport_fastrtps_c.so[0m
[15.565s] [100%] [32m[1mLinking C shared module rosidl_generator_py/custom_msgs/custom_msgs_s__rosidl_typesupport_introspection_c.so[0m
[15.645s] [100%] Built target custom_msgs_s__rosidl_typesupport_introspection_c
[15.646s] [100%] Built target custom_msgs_s__rosidl_typesupport_fastrtps_c
[15.648s] [100%] Built target custom_msgs_s__rosidl_typesupport_c
[15.680s] Invoked command in '/home/username/ros2_ws/src/build/custom_msgs' returned '0': CMAKE_PREFIX_PATH=${CMAKE_PREFIX_PATH}:/home/username/ros2_ws/install/odometry_pkg:/opt/ros/jazzy /usr/bin/cmake --build /home/username/ros2_ws/src/build/custom_msgs -- -j4 -l4
[15.705s] Invoking command in '/home/username/ros2_ws/src/build/custom_msgs': CMAKE_PREFIX_PATH=${CMAKE_PREFIX_PATH}:/home/username/ros2_ws/install/odometry_pkg:/opt/ros/jazzy /usr/bin/cmake --install /home/username/ros2_ws/src/build/custom_msgs
[15.725s] -- Install configuration: ""
[15.726s] -- Installing: /home/username/ros2_ws/src/install/custom_msgs/share/ament_index/resource_index/rosidl_interfaces/custom_msgs
[15.726s] -- Installing: /home/username/ros2_ws/src/install/custom_msgs/share/custom_msgs/msg/CustomOdometryMsg.json
[15.727s] -- Installing: /home/username/ros2_ws/src/install/custom_msgs/include/custom_msgs/custom_msgs
[15.727s] -- Installing: /home/username/ros2_ws/src/install/custom_msgs/include/custom_msgs/custom_msgs/msg
[15.728s] -- Installing: /home/username/ros2_ws/src/install/custom_msgs/include/custom_msgs/custom_msgs/msg/custom_odometry_msg.h
[15.728s] -- Installing: /home/username/ros2_ws/src/install/custom_msgs/include/custom_msgs/custom_msgs/msg/rosidl_generator_c__visibility_control.h
[15.728s] -- Installing: /home/username/ros2_ws/src/install/custom_msgs/include/custom_msgs/custom_msgs/msg/detail
[15.728s] -- Installing: /home/username/ros2_ws/src/install/custom_msgs/include/custom_msgs/custom_msgs/msg/detail/custom_odometry_msg__type_support.h
[15.728s] -- Installing: /home/username/ros2_ws/src/install/custom_msgs/include/custom_msgs/custom_msgs/msg/detail/custom_odometry_msg__functions.h
[15.728s] -- Installing: /home/username/ros2_ws/src/install/custom_msgs/include/custom_msgs/custom_msgs/msg/detail/custom_odometry_msg__description.c
[15.728s] -- Installing: /home/username/ros2_ws/src/install/custom_msgs/include/custom_msgs/custom_msgs/msg/detail/custom_odometry_msg__type_support.c
[15.728s] -- Installing: /home/username/ros2_ws/src/install/custom_msgs/include/custom_msgs/custom_msgs/msg/detail/custom_odometry_msg__struct.h
[15.729s] -- Installing: /home/username/ros2_ws/src/install/custom_msgs/include/custom_msgs/custom_msgs/msg/detail/custom_odometry_msg__functions.c
[15.729s] -- Installing: /home/username/ros2_ws/src/install/custom_msgs/share/custom_msgs/environment/library_path.sh
[15.729s] -- Installing: /home/username/ros2_ws/src/install/custom_msgs/share/custom_msgs/environment/library_path.dsv
[15.729s] -- Installing: /home/username/ros2_ws/src/install/custom_msgs/lib/libcustom_msgs__rosidl_generator_c.so
[15.730s] -- Set non-toolchain portion of runtime path of "/home/username/ros2_ws/src/install/custom_msgs/lib/libcustom_msgs__rosidl_generator_c.so" to ""
[15.730s] -- Up-to-date: /home/username/ros2_ws/src/install/custom_msgs/include/custom_msgs/custom_msgs
[15.734s] -- Up-to-date: /home/username/ros2_ws/src/install/custom_msgs/include/custom_msgs/custom_msgs/msg
[15.735s] -- Installing: /home/username/ros2_ws/src/install/custom_msgs/include/custom_msgs/custom_msgs/msg/rosidl_typesupport_fastrtps_c__visibility_control.h
[15.736s] -- Up-to-date: /home/username/ros2_ws/src/install/custom_msgs/include/custom_msgs/custom_msgs/msg/detail
[15.737s] -- Installing: /home/username/ros2_ws/src/install/custom_msgs/include/custom_msgs/custom_msgs/msg/detail/custom_odometry_msg__rosidl_typesupport_fastrtps_c.h
[15.737s] -- Installing: /home/username/ros2_ws/src/install/custom_msgs/lib/libcustom_msgs__rosidl_typesupport_fastrtps_c.so
[15.737s] -- Set non-toolchain portion of runtime path of "/home/username/ros2_ws/src/install/custom_msgs/lib/libcustom_msgs__rosidl_typesupport_fastrtps_c.so" to ""
[15.737s] -- Up-to-date: /home/username/ros2_ws/src/install/custom_msgs/include/custom_msgs/custom_msgs
[15.737s] -- Up-to-date: /home/username/ros2_ws/src/install/custom_msgs/include/custom_msgs/custom_msgs/msg
[15.737s] -- Installing: /home/username/ros2_ws/src/install/custom_msgs/include/custom_msgs/custom_msgs/msg/rosidl_typesupport_introspection_c__visibility_control.h
[15.737s] -- Up-to-date: /home/username/ros2_ws/src/install/custom_msgs/include/custom_msgs/custom_msgs/msg/detail
[15.738s] -- Installing: /home/username/ros2_ws/src/install/custom_msgs/include/custom_msgs/custom_msgs/msg/detail/custom_odometry_msg__rosidl_typesupport_introspection_c.h
[15.740s] -- Installing: /home/username/ros2_ws/src/install/custom_msgs/include/custom_msgs/custom_msgs/msg/detail/custom_odometry_msg__type_support.c
[15.740s] -- Installing: /home/username/ros2_ws/src/install/custom_msgs/lib/libcustom_msgs__rosidl_typesupport_introspection_c.so
[15.741s] -- Set non-toolchain portion of runtime path of "/home/username/ros2_ws/src/install/custom_msgs/lib/libcustom_msgs__rosidl_typesupport_introspection_c.so" to ""
[15.741s] -- Installing: /home/username/ros2_ws/src/install/custom_msgs/lib/libcustom_msgs__rosidl_typesupport_c.so
[15.741s] -- Set non-toolchain portion of runtime path of "/home/username/ros2_ws/src/install/custom_msgs/lib/libcustom_msgs__rosidl_typesupport_c.so" to ""
[15.741s] -- Up-to-date: /home/username/ros2_ws/src/install/custom_msgs/include/custom_msgs/custom_msgs
[15.741s] -- Up-to-date: /home/username/ros2_ws/src/install/custom_msgs/include/custom_msgs/custom_msgs/msg
[15.742s] -- Up-to-date: /home/username/ros2_ws/src/install/custom_msgs/include/custom_msgs/custom_msgs/msg/detail
[15.742s] -- Installing: /home/username/ros2_ws/src/install/custom_msgs/include/custom_msgs/custom_msgs/msg/detail/custom_odometry_msg__struct.hpp
[15.742s] -- Installing: /home/username/ros2_ws/src/install/custom_msgs/include/custom_msgs/custom_msgs/msg/detail/custom_odometry_msg__type_support.hpp
[15.742s] -- Installing: /home/username/ros2_ws/src/install/custom_msgs/include/custom_msgs/custom_msgs/msg/detail/custom_odometry_msg__builder.hpp
[15.742s] -- Installing: /home/username/ros2_ws/src/install/custom_msgs/include/custom_msgs/custom_msgs/msg/detail/custom_odometry_msg__traits.hpp
[15.742s] -- Installing: /home/username/ros2_ws/src/install/custom_msgs/include/custom_msgs/custom_msgs/msg/custom_odometry_msg.hpp
[15.742s] -- Installing: /home/username/ros2_ws/src/install/custom_msgs/include/custom_msgs/custom_msgs/msg/rosidl_generator_cpp__visibility_control.hpp
[15.742s] -- Up-to-date: /home/username/ros2_ws/src/install/custom_msgs/include/custom_msgs/custom_msgs
[15.742s] -- Up-to-date: /home/username/ros2_ws/src/install/custom_msgs/include/custom_msgs/custom_msgs/msg
[15.743s] -- Installing: /home/username/ros2_ws/src/install/custom_msgs/include/custom_msgs/custom_msgs/msg/rosidl_typesupport_fastrtps_cpp__visibility_control.h
[15.743s] -- Up-to-date: /home/username/ros2_ws/src/install/custom_msgs/include/custom_msgs/custom_msgs/msg/detail
[15.743s] -- Installing: /home/username/ros2_ws/src/install/custom_msgs/include/custom_msgs/custom_msgs/msg/detail/dds_fastrtps
[15.743s] -- Installing: /home/username/ros2_ws/src/install/custom_msgs/include/custom_msgs/custom_msgs/msg/detail/custom_odometry_msg__rosidl_typesupport_fastrtps_cpp.hpp
[15.743s] -- Installing: /home/username/ros2_ws/src/install/custom_msgs/lib/libcustom_msgs__rosidl_typesupport_fastrtps_cpp.so
[15.743s] -- Set non-toolchain portion of runtime path of "/home/username/ros2_ws/src/install/custom_msgs/lib/libcustom_msgs__rosidl_typesupport_fastrtps_cpp.so" to ""
[15.743s] -- Up-to-date: /home/username/ros2_ws/src/install/custom_msgs/include/custom_msgs/custom_msgs
[15.743s] -- Up-to-date: /home/username/ros2_ws/src/install/custom_msgs/include/custom_msgs/custom_msgs/msg
[15.743s] -- Up-to-date: /home/username/ros2_ws/src/install/custom_msgs/include/custom_msgs/custom_msgs/msg/detail
[15.743s] -- Installing: /home/username/ros2_ws/src/install/custom_msgs/include/custom_msgs/custom_msgs/msg/detail/custom_odometry_msg__type_support.cpp
[15.744s] -- Installing: /home/username/ros2_ws/src/install/custom_msgs/include/custom_msgs/custom_msgs/msg/detail/custom_odometry_msg__rosidl_typesupport_introspection_cpp.hpp
[15.744s] -- Installing: /home/username/ros2_ws/src/install/custom_msgs/lib/libcustom_msgs__rosidl_typesupport_introspection_cpp.so
[15.744s] -- Set non-toolchain portion of runtime path of "/home/username/ros2_ws/src/install/custom_msgs/lib/libcustom_msgs__rosidl_typesupport_introspection_cpp.so" to ""
[15.744s] -- Installing: /home/username/ros2_ws/src/install/custom_msgs/lib/libcustom_msgs__rosidl_typesupport_cpp.so
[15.747s] -- Set non-toolchain portion of runtime path of "/home/username/ros2_ws/src/install/custom_msgs/lib/libcustom_msgs__rosidl_typesupport_cpp.so" to ""
[15.747s] -- Installing: /home/username/ros2_ws/src/install/custom_msgs/share/custom_msgs/environment/pythonpath.sh
[15.747s] -- Installing: /home/username/ros2_ws/src/install/custom_msgs/share/custom_msgs/environment/pythonpath.dsv
[15.747s] -- Installing: /home/username/ros2_ws/src/install/custom_msgs/lib/python3.12/site-packages/custom_msgs-0.0.0-py3.12.egg-info
[15.748s] -- Installing: /home/username/ros2_ws/src/install/custom_msgs/lib/python3.12/site-packages/custom_msgs-0.0.0-py3.12.egg-info/dependency_links.txt
[15.748s] -- Installing: /home/username/ros2_ws/src/install/custom_msgs/lib/python3.12/site-packages/custom_msgs-0.0.0-py3.12.egg-info/PKG-INFO
[15.748s] -- Installing: /home/username/ros2_ws/src/install/custom_msgs/lib/python3.12/site-packages/custom_msgs-0.0.0-py3.12.egg-info/top_level.txt
[15.748s] -- Installing: /home/username/ros2_ws/src/install/custom_msgs/lib/python3.12/site-packages/custom_msgs-0.0.0-py3.12.egg-info/SOURCES.txt
[15.748s] -- Installing: /home/username/ros2_ws/src/install/custom_msgs/lib/python3.12/site-packages/custom_msgs
[15.748s] -- Installing: /home/username/ros2_ws/src/install/custom_msgs/lib/python3.12/site-packages/custom_msgs/custom_msgs_s__rosidl_typesupport_c.so
[15.748s] -- Installing: /home/username/ros2_ws/src/install/custom_msgs/lib/python3.12/site-packages/custom_msgs/_custom_msgs_s.ep.rosidl_typesupport_fastrtps_c.c
[15.748s] -- Installing: /home/username/ros2_ws/src/install/custom_msgs/lib/python3.12/site-packages/custom_msgs/_custom_msgs_s.ep.rosidl_typesupport_c.c
[15.748s] -- Installing: /home/username/ros2_ws/src/install/custom_msgs/lib/python3.12/site-packages/custom_msgs/msg
[15.748s] -- Installing: /home/username/ros2_ws/src/install/custom_msgs/lib/python3.12/site-packages/custom_msgs/msg/_custom_odometry_msg_s.c
[15.749s] -- Installing: /home/username/ros2_ws/src/install/custom_msgs/lib/python3.12/site-packages/custom_msgs/msg/_custom_odometry_msg.py
[15.749s] -- Installing: /home/username/ros2_ws/src/install/custom_msgs/lib/python3.12/site-packages/custom_msgs/msg/__init__.py
[15.749s] -- Installing: /home/username/ros2_ws/src/install/custom_msgs/lib/python3.12/site-packages/custom_msgs/_custom_msgs_s.ep.rosidl_typesupport_introspection_c.c
[15.749s] -- Installing: /home/username/ros2_ws/src/install/custom_msgs/lib/python3.12/site-packages/custom_msgs/custom_msgs_s__rosidl_typesupport_introspection_c.so
[15.749s] -- Installing: /home/username/ros2_ws/src/install/custom_msgs/lib/python3.12/site-packages/custom_msgs/__init__.py
[15.749s] -- Installing: /home/username/ros2_ws/src/install/custom_msgs/lib/python3.12/site-packages/custom_msgs/custom_msgs_s__rosidl_typesupport_fastrtps_c.so
[15.807s] Listing '/home/username/ros2_ws/src/install/custom_msgs/lib/python3.12/site-packages/custom_msgs'...
[15.807s] Compiling '/home/username/ros2_ws/src/install/custom_msgs/lib/python3.12/site-packages/custom_msgs/__init__.py'...
[15.807s] Listing '/home/username/ros2_ws/src/install/custom_msgs/lib/python3.12/site-packages/custom_msgs/msg'...
[15.807s] Compiling '/home/username/ros2_ws/src/install/custom_msgs/lib/python3.12/site-packages/custom_msgs/msg/__init__.py'...
[15.807s] Compiling '/home/username/ros2_ws/src/install/custom_msgs/lib/python3.12/site-packages/custom_msgs/msg/_custom_odometry_msg.py'...
[15.821s] -- Installing: /home/username/ros2_ws/src/install/custom_msgs/lib/python3.12/site-packages/custom_msgs/custom_msgs_s__rosidl_typesupport_fastrtps_c.so
[15.822s] -- Set non-toolchain portion of runtime path of "/home/username/ros2_ws/src/install/custom_msgs/lib/python3.12/site-packages/custom_msgs/custom_msgs_s__rosidl_typesupport_fastrtps_c.so" to ""
[15.822s] -- Installing: /home/username/ros2_ws/src/install/custom_msgs/lib/python3.12/site-packages/custom_msgs/custom_msgs_s__rosidl_typesupport_introspection_c.so
[15.823s] -- Set non-toolchain portion of runtime path of "/home/username/ros2_ws/src/install/custom_msgs/lib/python3.12/site-packages/custom_msgs/custom_msgs_s__rosidl_typesupport_introspection_c.so" to ""
[15.823s] -- Installing: /home/username/ros2_ws/src/install/custom_msgs/lib/python3.12/site-packages/custom_msgs/custom_msgs_s__rosidl_typesupport_c.so
[15.824s] -- Set non-toolchain portion of runtime path of "/home/username/ros2_ws/src/install/custom_msgs/lib/python3.12/site-packages/custom_msgs/custom_msgs_s__rosidl_typesupport_c.so" to ""
[15.825s] -- Installing: /home/username/ros2_ws/src/install/custom_msgs/lib/libcustom_msgs__rosidl_generator_py.so
[15.825s] -- Set non-toolchain portion of runtime path of "/home/username/ros2_ws/src/install/custom_msgs/lib/libcustom_msgs__rosidl_generator_py.so" to ""
[15.826s] -- Installing: /home/username/ros2_ws/src/install/custom_msgs/share/custom_msgs/msg/CustomOdometryMsg.idl
[15.827s] -- Installing: /home/username/ros2_ws/src/install/custom_msgs/share/custom_msgs/msg/CustomOdometryMsg.msg
[15.827s] -- Installing: /home/username/ros2_ws/src/install/custom_msgs/share/ament_index/resource_index/package_run_dependencies/custom_msgs
[15.827s] -- Installing: /home/username/ros2_ws/src/install/custom_msgs/share/ament_index/resource_index/parent_prefix_path/custom_msgs
[15.827s] -- Installing: /home/username/ros2_ws/src/install/custom_msgs/share/custom_msgs/environment/ament_prefix_path.sh
[15.827s] -- Installing: /home/username/ros2_ws/src/install/custom_msgs/share/custom_msgs/environment/ament_prefix_path.dsv
[15.828s] -- Installing: /home/username/ros2_ws/src/install/custom_msgs/share/custom_msgs/environment/path.sh
[15.828s] -- Installing: /home/username/ros2_ws/src/install/custom_msgs/share/custom_msgs/environment/path.dsv
[15.828s] -- Installing: /home/username/ros2_ws/src/install/custom_msgs/share/custom_msgs/local_setup.bash
[15.828s] -- Installing: /home/username/ros2_ws/src/install/custom_msgs/share/custom_msgs/local_setup.sh
[15.830s] -- Installing: /home/username/ros2_ws/src/install/custom_msgs/share/custom_msgs/local_setup.zsh
[15.831s] -- Installing: /home/username/ros2_ws/src/install/custom_msgs/share/custom_msgs/local_setup.dsv
[15.832s] -- Installing: /home/username/ros2_ws/src/install/custom_msgs/share/custom_msgs/package.dsv
[15.832s] -- Installing: /home/username/ros2_ws/src/install/custom_msgs/share/ament_index/resource_index/packages/custom_msgs
[15.833s] -- Installing: /home/username/ros2_ws/src/install/custom_msgs/share/custom_msgs/cmake/export_custom_msgs__rosidl_generator_cExport.cmake
[15.834s] -- Installing: /home/username/ros2_ws/src/install/custom_msgs/share/custom_msgs/cmake/export_custom_msgs__rosidl_generator_cExport-noconfig.cmake
[15.834s] -- Installing: /home/username/ros2_ws/src/install/custom_msgs/share/custom_msgs/cmake/export_custom_msgs__rosidl_typesupport_fastrtps_cExport.cmake
[15.835s] -- Installing: /home/username/ros2_ws/src/install/custom_msgs/share/custom_msgs/cmake/export_custom_msgs__rosidl_typesupport_fastrtps_cExport-noconfig.cmake
[15.836s] -- Installing: /home/username/ros2_ws/src/install/custom_msgs/share/custom_msgs/cmake/custom_msgs__rosidl_typesupport_introspection_cExport.cmake
[15.836s] -- Installing: /home/username/ros2_ws/src/install/custom_msgs/share/custom_msgs/cmake/custom_msgs__rosidl_typesupport_introspection_cExport-noconfig.cmake
[15.836s] -- Installing: /home/username/ros2_ws/src/install/custom_msgs/share/custom_msgs/cmake/custom_msgs__rosidl_typesupport_cExport.cmake
[15.836s] -- Installing: /home/username/ros2_ws/src/install/custom_msgs/share/custom_msgs/cmake/custom_msgs__rosidl_typesupport_cExport-noconfig.cmake
[15.837s] -- Installing: /home/username/ros2_ws/src/install/custom_msgs/share/custom_msgs/cmake/export_custom_msgs__rosidl_generator_cppExport.cmake
[15.837s] -- Installing: /home/username/ros2_ws/src/install/custom_msgs/share/custom_msgs/cmake/export_custom_msgs__rosidl_typesupport_fastrtps_cppExport.cmake
[15.837s] -- Installing: /home/username/ros2_ws/src/install/custom_msgs/share/custom_msgs/cmake/export_custom_msgs__rosidl_typesupport_fastrtps_cppExport-noconfig.cmake
[15.837s] -- Installing: /home/username/ros2_ws/src/install/custom_msgs/share/custom_msgs/cmake/custom_msgs__rosidl_typesupport_introspection_cppExport.cmake
[15.837s] -- Installing: /home/username/ros2_ws/src/install/custom_msgs/share/custom_msgs/cmake/custom_msgs__rosidl_typesupport_introspection_cppExport-noconfig.cmake
[15.837s] -- Installing: /home/username/ros2_ws/src/install/custom_msgs/share/custom_msgs/cmake/custom_msgs__rosidl_typesupport_cppExport.cmake
[15.837s] -- Installing: /home/username/ros2_ws/src/install/custom_msgs/share/custom_msgs/cmake/custom_msgs__rosidl_typesupport_cppExport-noconfig.cmake
[15.838s] -- Installing: /home/username/ros2_ws/src/install/custom_msgs/share/custom_msgs/cmake/export_custom_msgs__rosidl_generator_pyExport.cmake
[15.838s] -- Installing: /home/username/ros2_ws/src/install/custom_msgs/share/custom_msgs/cmake/export_custom_msgs__rosidl_generator_pyExport-noconfig.cmake
[15.838s] -- Installing: /home/username/ros2_ws/src/install/custom_msgs/share/custom_msgs/cmake/rosidl_cmake-extras.cmake
[15.841s] -- Installing: /home/username/ros2_ws/src/install/custom_msgs/share/custom_msgs/cmake/ament_cmake_export_include_directories-extras.cmake
[15.841s] -- Installing: /home/username/ros2_ws/src/install/custom_msgs/share/custom_msgs/cmake/ament_cmake_export_libraries-extras.cmake
[15.841s] -- Installing: /home/username/ros2_ws/src/install/custom_msgs/share/custom_msgs/cmake/ament_cmake_export_targets-extras.cmake
[15.841s] -- Installing: /home/username/ros2_ws/src/install/custom_msgs/share/custom_msgs/cmake/rosidl_cmake_export_typesupport_targets-extras.cmake
[15.842s] -- Installing: /home/username/ros2_ws/src/install/custom_msgs/share/custom_msgs/cmake/ament_cmake_export_dependencies-extras.cmake
[15.842s] -- Installing: /home/username/ros2_ws/src/install/custom_msgs/share/custom_msgs/cmake/rosidl_cmake_export_typesupport_libraries-extras.cmake
[15.842s] -- Installing: /home/username/ros2_ws/src/install/custom_msgs/share/custom_msgs/cmake/custom_msgsConfig.cmake
[15.844s] -- Installing: /home/username/ros2_ws/src/install/custom_msgs/share/custom_msgs/cmake/custom_msgsConfig-version.cmake
[15.845s] -- Installing: /home/username/ros2_ws/src/install/custom_msgs/share/custom_msgs/package.xml
[15.845s] Invoked command in '/home/username/ros2_ws/src/build/custom_msgs' returned '0': CMAKE_PREFIX_PATH=${CMAKE_PREFIX_PATH}:/home/username/ros2_ws/install/odometry_pkg:/opt/ros/jazzy /usr/bin/cmake --install /home/username/ros2_ws/src/build/custom_msgs
