[0.019s] Invoking command in '/home/username/ros2_ws/src/build/img_capture': CMAKE_PREFIX_PATH=/home/username/ros2_ws/src/install/px4_msgs:/home/username/ros2_ws/install/px4_ros_com:/home/username/ros2_ws/install/img_capture:/home/username/ros2_ws/install/px4_msgs:/home/username/ros2_ws/install/low_alt:/home/username/ros2_ws/src/install/px4_ros_com:/home/username/ros2_ws/src/install/low_alt:/home/username/ros2_ws/src/install/img_capture:/home/username/ros2_ws/install/odometry_pkg:/opt/ros/jazzy LD_LIBRARY_PATH=/home/username/ros2_ws/src/install/px4_msgs/lib:/home/username/ros2_ws/install/px4_ros_com/lib:/home/username/ros2_ws/install/px4_msgs/lib:/home/username/ros2_ws/src/install/px4_ros_com/lib:/opt/ros/jazzy/lib/aarch64-linux-gnu:/opt/ros/jazzy/lib:/usr/local/lib:/usr/local/lib PYTHONPATH=/home/username/ros2_ws/src/install/px4_msgs/lib/python3.12/site-packages:/home/username/ros2_ws/install/odometry_pkg/lib/python3.12/site-packages:/home/username/ros2_ws/install/px4_ros_com/lib/python3.12/site-packages:/home/username/ros2_ws/install/px4_msgs/lib/python3.12/site-packages:/home/username/ros2_ws/src/install/px4_ros_com/lib/python3.12/site-packages:/opt/ros/jazzy/lib/python3.12/site-packages /usr/bin/cmake --build /home/username/ros2_ws/src/build/img_capture -- -j4 -l4
[0.122s] [100%] Built target seekcamera_publisher
[0.146s] Invoked command in '/home/username/ros2_ws/src/build/img_capture' returned '0': CMAKE_PREFIX_PATH=/home/username/ros2_ws/src/install/px4_msgs:/home/username/ros2_ws/install/px4_ros_com:/home/username/ros2_ws/install/img_capture:/home/username/ros2_ws/install/px4_msgs:/home/username/ros2_ws/install/low_alt:/home/username/ros2_ws/src/install/px4_ros_com:/home/username/ros2_ws/src/install/low_alt:/home/username/ros2_ws/src/install/img_capture:/home/username/ros2_ws/install/odometry_pkg:/opt/ros/jazzy LD_LIBRARY_PATH=/home/username/ros2_ws/src/install/px4_msgs/lib:/home/username/ros2_ws/install/px4_ros_com/lib:/home/username/ros2_ws/install/px4_msgs/lib:/home/username/ros2_ws/src/install/px4_ros_com/lib:/opt/ros/jazzy/lib/aarch64-linux-gnu:/opt/ros/jazzy/lib:/usr/local/lib:/usr/local/lib PYTHONPATH=/home/username/ros2_ws/src/install/px4_msgs/lib/python3.12/site-packages:/home/username/ros2_ws/install/odometry_pkg/lib/python3.12/site-packages:/home/username/ros2_ws/install/px4_ros_com/lib/python3.12/site-packages:/home/username/ros2_ws/install/px4_msgs/lib/python3.12/site-packages:/home/username/ros2_ws/src/install/px4_ros_com/lib/python3.12/site-packages:/opt/ros/jazzy/lib/python3.12/site-packages /usr/bin/cmake --build /home/username/ros2_ws/src/build/img_capture -- -j4 -l4
[0.165s] Invoking command in '/home/username/ros2_ws/src/build/img_capture': CMAKE_PREFIX_PATH=/home/username/ros2_ws/src/install/px4_msgs:/home/username/ros2_ws/install/px4_ros_com:/home/username/ros2_ws/install/img_capture:/home/username/ros2_ws/install/px4_msgs:/home/username/ros2_ws/install/low_alt:/home/username/ros2_ws/src/install/px4_ros_com:/home/username/ros2_ws/src/install/low_alt:/home/username/ros2_ws/src/install/img_capture:/home/username/ros2_ws/install/odometry_pkg:/opt/ros/jazzy LD_LIBRARY_PATH=/home/username/ros2_ws/src/install/px4_msgs/lib:/home/username/ros2_ws/install/px4_ros_com/lib:/home/username/ros2_ws/install/px4_msgs/lib:/home/username/ros2_ws/src/install/px4_ros_com/lib:/opt/ros/jazzy/lib/aarch64-linux-gnu:/opt/ros/jazzy/lib:/usr/local/lib:/usr/local/lib PYTHONPATH=/home/username/ros2_ws/src/install/px4_msgs/lib/python3.12/site-packages:/home/username/ros2_ws/install/odometry_pkg/lib/python3.12/site-packages:/home/username/ros2_ws/install/px4_ros_com/lib/python3.12/site-packages:/home/username/ros2_ws/install/px4_msgs/lib/python3.12/site-packages:/home/username/ros2_ws/src/install/px4_ros_com/lib/python3.12/site-packages:/opt/ros/jazzy/lib/python3.12/site-packages /usr/bin/cmake --install /home/username/ros2_ws/src/build/img_capture
[0.180s] -- Install configuration: ""
[0.180s] -- Up-to-date: /home/username/ros2_ws/src/install/img_capture/lib/img_capture/seekcamera_publisher
[0.181s] -- Up-to-date: /home/username/ros2_ws/src/install/img_capture/lib/img_capture/flight_logger.py
[0.181s] -- Up-to-date: /home/username/ros2_ws/src/install/img_capture/lib/img_capture/odometry_publisher.py
[0.181s] -- Up-to-date: /home/username/ros2_ws/src/install/img_capture/lib/img_capture/live_feedback.py
[0.181s] -- Up-to-date: /home/username/ros2_ws/src/install/img_capture/lib/img_capture/high_alt_filter.py
[0.181s] -- Up-to-date: /home/username/ros2_ws/src/install/img_capture/lib/img_capture/low_alt_filter.py
[0.181s] -- Installing: /home/username/ros2_ws/src/install/img_capture/lib/img_capture/sim_odometry_publisher.py
[0.182s] -- Up-to-date: /home/username/ros2_ws/src/install/img_capture/lib/img_capture/sim_seekcamera_publisher.py
[0.182s] -- Up-to-date: /home/username/ros2_ws/src/install/img_capture/share/ament_index/resource_index/package_run_dependencies/img_capture
[0.182s] -- Up-to-date: /home/username/ros2_ws/src/install/img_capture/share/ament_index/resource_index/parent_prefix_path/img_capture
[0.182s] -- Up-to-date: /home/username/ros2_ws/src/install/img_capture/share/img_capture/environment/ament_prefix_path.sh
[0.182s] -- Up-to-date: /home/username/ros2_ws/src/install/img_capture/share/img_capture/environment/ament_prefix_path.dsv
[0.182s] -- Up-to-date: /home/username/ros2_ws/src/install/img_capture/share/img_capture/environment/path.sh
[0.182s] -- Up-to-date: /home/username/ros2_ws/src/install/img_capture/share/img_capture/environment/path.dsv
[0.183s] -- Up-to-date: /home/username/ros2_ws/src/install/img_capture/share/img_capture/local_setup.bash
[0.183s] -- Up-to-date: /home/username/ros2_ws/src/install/img_capture/share/img_capture/local_setup.sh
[0.183s] -- Up-to-date: /home/username/ros2_ws/src/install/img_capture/share/img_capture/local_setup.zsh
[0.183s] -- Up-to-date: /home/username/ros2_ws/src/install/img_capture/share/img_capture/local_setup.dsv
[0.183s] -- Installing: /home/username/ros2_ws/src/install/img_capture/share/img_capture/package.dsv
[0.183s] -- Up-to-date: /home/username/ros2_ws/src/install/img_capture/share/ament_index/resource_index/packages/img_capture
[0.183s] -- Up-to-date: /home/username/ros2_ws/src/install/img_capture/share/img_capture/cmake/img_captureConfig.cmake
[0.183s] -- Up-to-date: /home/username/ros2_ws/src/install/img_capture/share/img_capture/cmake/img_captureConfig-version.cmake
[0.183s] -- Up-to-date: /home/username/ros2_ws/src/install/img_capture/share/img_capture/package.xml
[0.183s] -- Up-to-date: /home/username/ros2_ws/src/install/img_capture/share/img_capture//launch
[0.184s] -- Up-to-date: /home/username/ros2_ws/src/install/img_capture/share/img_capture//launch/img_capture.launch.py
[0.190s] Invoked command in '/home/username/ros2_ws/src/build/img_capture' returned '0': CMAKE_PREFIX_PATH=/home/username/ros2_ws/src/install/px4_msgs:/home/username/ros2_ws/install/px4_ros_com:/home/username/ros2_ws/install/img_capture:/home/username/ros2_ws/install/px4_msgs:/home/username/ros2_ws/install/low_alt:/home/username/ros2_ws/src/install/px4_ros_com:/home/username/ros2_ws/src/install/low_alt:/home/username/ros2_ws/src/install/img_capture:/home/username/ros2_ws/install/odometry_pkg:/opt/ros/jazzy LD_LIBRARY_PATH=/home/username/ros2_ws/src/install/px4_msgs/lib:/home/username/ros2_ws/install/px4_ros_com/lib:/home/username/ros2_ws/install/px4_msgs/lib:/home/username/ros2_ws/src/install/px4_ros_com/lib:/opt/ros/jazzy/lib/aarch64-linux-gnu:/opt/ros/jazzy/lib:/usr/local/lib:/usr/local/lib PYTHONPATH=/home/username/ros2_ws/src/install/px4_msgs/lib/python3.12/site-packages:/home/username/ros2_ws/install/odometry_pkg/lib/python3.12/site-packages:/home/username/ros2_ws/install/px4_ros_com/lib/python3.12/site-packages:/home/username/ros2_ws/install/px4_msgs/lib/python3.12/site-packages:/home/username/ros2_ws/src/install/px4_ros_com/lib/python3.12/site-packages:/opt/ros/jazzy/lib/python3.12/site-packages /usr/bin/cmake --install /home/username/ros2_ws/src/build/img_capture
