-- Found ament_cmake: 2.5.3 (/opt/ros/jazzy/share/ament_cmake/cmake)
-- Found rclcpp: 28.1.6 (/opt/ros/jazzy/share/rclcpp/cmake)
-- Found rosidl_generator_c: 4.6.5 (/opt/ros/jazzy/share/rosidl_generator_c/cmake)
-- Found rosidl_generator_cpp: 4.6.5 (/opt/ros/jazzy/share/rosidl_generator_cpp/cmake)
-- Using all available rosidl_typesupport_c: rosidl_typesupport_fastrtps_c;rosidl_typesupport_introspection_c
-- Using all available rosidl_typesupport_cpp: rosidl_typesupport_fastrtps_cpp;rosidl_typesupport_introspection_cpp
-- Found rmw_implementation_cmake: 7.3.1 (/opt/ros/jazzy/share/rmw_implementation_cmake/cmake)
-- Found rmw_fastrtps_cpp: 8.4.1 (/opt/ros/jazzy/share/rmw_fastrtps_cpp/cmake)
-- Using RMW implementation 'rmw_fastrtps_cpp' as default
-- Found sensor_msgs: 5.3.5 (/opt/ros/jazzy/share/sensor_msgs/cmake)
-- Configuring done (1.0s)
-- Generating done (0.0s)
-- Build files have been written to: /home/username/ros2_ws/src/build/img_capture
[100%] Built target seekcamera_publisher
-- Install configuration: ""
-- Up-to-date: /home/username/ros2_ws/src/install/img_capture/lib/img_capture/seekcamera_publisher
-- Installing: /home/username/ros2_ws/src/install/img_capture/lib/img_capture/flight_logger.py
-- Installing: /home/username/ros2_ws/src/install/img_capture/lib/img_capture/odometry_publisher.py
-- Installing: /home/username/ros2_ws/src/install/img_capture/lib/img_capture/live_feedback.py
-- Installing: /home/username/ros2_ws/src/install/img_capture/lib/img_capture/high_alt_filter.py
-- Installing: /home/username/ros2_ws/src/install/img_capture/lib/img_capture/low_alt_filter.py
-- Installing: /home/username/ros2_ws/src/install/img_capture/lib/img_capture/sim_odometry_publisher.py
-- Installing: /home/username/ros2_ws/src/install/img_capture/lib/img_capture/sim_seekcamera_publisher.py
-- Installing: /home/username/ros2_ws/src/install/img_capture/share/ament_index/resource_index/package_run_dependencies/img_capture
-- Installing: /home/username/ros2_ws/src/install/img_capture/share/ament_index/resource_index/parent_prefix_path/img_capture
-- Up-to-date: /home/username/ros2_ws/src/install/img_capture/share/img_capture/environment/ament_prefix_path.sh
-- Up-to-date: /home/username/ros2_ws/src/install/img_capture/share/img_capture/environment/ament_prefix_path.dsv
-- Up-to-date: /home/username/ros2_ws/src/install/img_capture/share/img_capture/environment/path.sh
-- Up-to-date: /home/username/ros2_ws/src/install/img_capture/share/img_capture/environment/path.dsv
-- Up-to-date: /home/username/ros2_ws/src/install/img_capture/share/img_capture/local_setup.bash
-- Up-to-date: /home/username/ros2_ws/src/install/img_capture/share/img_capture/local_setup.sh
-- Up-to-date: /home/username/ros2_ws/src/install/img_capture/share/img_capture/local_setup.zsh
-- Up-to-date: /home/username/ros2_ws/src/install/img_capture/share/img_capture/local_setup.dsv
-- Installing: /home/username/ros2_ws/src/install/img_capture/share/img_capture/package.dsv
-- Up-to-date: /home/username/ros2_ws/src/install/img_capture/share/ament_index/resource_index/packages/img_capture
-- Up-to-date: /home/username/ros2_ws/src/install/img_capture/share/img_capture/cmake/img_captureConfig.cmake
-- Up-to-date: /home/username/ros2_ws/src/install/img_capture/share/img_capture/cmake/img_captureConfig-version.cmake
-- Installing: /home/username/ros2_ws/src/install/img_capture/share/img_capture/package.xml
-- Up-to-date: /home/username/ros2_ws/src/install/img_capture/share/img_capture//launch
-- Up-to-date: /home/username/ros2_ws/src/install/img_capture/share/img_capture//launch/img_capture.launch.py
