[0.019s] Invoking command in '/home/username/ros2_ws/src/build/img_capture': CMAKE_PREFIX_PATH=/home/username/ros2_ws/src/install/px4_msgs:/home/username/ros2_ws/install/px4_ros_com:/home/username/ros2_ws/install/img_capture:/home/username/ros2_ws/install/px4_msgs:/home/username/ros2_ws/install/low_alt:/home/username/ros2_ws/src/install/px4_ros_com:/home/username/ros2_ws/src/install/low_alt:/home/username/ros2_ws/src/install/img_capture:/home/username/ros2_ws/install/odometry_pkg:/opt/ros/jazzy LD_LIBRARY_PATH=/home/username/ros2_ws/src/install/px4_msgs/lib:/home/username/ros2_ws/install/px4_ros_com/lib:/home/username/ros2_ws/install/px4_msgs/lib:/home/username/ros2_ws/src/install/px4_ros_com/lib:/opt/ros/jazzy/lib/aarch64-linux-gnu:/opt/ros/jazzy/lib:/usr/local/lib:/usr/local/lib PYTHONPATH=/home/username/ros2_ws/src/install/px4_msgs/lib/python3.12/site-packages:/home/username/ros2_ws/install/odometry_pkg/lib/python3.12/site-packages:/home/username/ros2_ws/install/px4_ros_com/lib/python3.12/site-packages:/home/username/ros2_ws/install/px4_msgs/lib/python3.12/site-packages:/home/username/ros2_ws/src/install/px4_ros_com/lib/python3.12/site-packages:/opt/ros/jazzy/lib/python3.12/site-packages /usr/bin/cmake --build /home/username/ros2_ws/src/build/img_capture -- -j4 -l4
[0.069s] -- Found ament_cmake: 2.5.3 (/opt/ros/jazzy/share/ament_cmake/cmake)
[0.428s] -- Found rclcpp: 28.1.6 (/opt/ros/jazzy/share/rclcpp/cmake)
[0.463s] -- Found rosidl_generator_c: 4.6.5 (/opt/ros/jazzy/share/rosidl_generator_c/cmake)
[0.477s] -- Found rosidl_generator_cpp: 4.6.5 (/opt/ros/jazzy/share/rosidl_generator_cpp/cmake)
[0.494s] -- Using all available rosidl_typesupport_c: rosidl_typesupport_fastrtps_c;rosidl_typesupport_introspection_c
[0.514s] -- Using all available rosidl_typesupport_cpp: rosidl_typesupport_fastrtps_cpp;rosidl_typesupport_introspection_cpp
[0.603s] -- Found rmw_implementation_cmake: 7.3.1 (/opt/ros/jazzy/share/rmw_implementation_cmake/cmake)
[0.607s] -- Found rmw_fastrtps_cpp: 8.4.1 (/opt/ros/jazzy/share/rmw_fastrtps_cpp/cmake)
[0.699s] -- Using RMW implementation 'rmw_fastrtps_cpp' as default
[0.785s] -- Found sensor_msgs: 5.3.5 (/opt/ros/jazzy/share/sensor_msgs/cmake)
[1.025s] -- Configuring done (1.0s)
[1.052s] -- Generating done (0.0s)
[1.071s] -- Build files have been written to: /home/username/ros2_ws/src/build/img_capture
[1.157s] [100%] Built target seekcamera_publisher
[1.179s] Invoked command in '/home/username/ros2_ws/src/build/img_capture' returned '0': CMAKE_PREFIX_PATH=/home/username/ros2_ws/src/install/px4_msgs:/home/username/ros2_ws/install/px4_ros_com:/home/username/ros2_ws/install/img_capture:/home/username/ros2_ws/install/px4_msgs:/home/username/ros2_ws/install/low_alt:/home/username/ros2_ws/src/install/px4_ros_com:/home/username/ros2_ws/src/install/low_alt:/home/username/ros2_ws/src/install/img_capture:/home/username/ros2_ws/install/odometry_pkg:/opt/ros/jazzy LD_LIBRARY_PATH=/home/username/ros2_ws/src/install/px4_msgs/lib:/home/username/ros2_ws/install/px4_ros_com/lib:/home/username/ros2_ws/install/px4_msgs/lib:/home/username/ros2_ws/src/install/px4_ros_com/lib:/opt/ros/jazzy/lib/aarch64-linux-gnu:/opt/ros/jazzy/lib:/usr/local/lib:/usr/local/lib PYTHONPATH=/home/username/ros2_ws/src/install/px4_msgs/lib/python3.12/site-packages:/home/username/ros2_ws/install/odometry_pkg/lib/python3.12/site-packages:/home/username/ros2_ws/install/px4_ros_com/lib/python3.12/site-packages:/home/username/ros2_ws/install/px4_msgs/lib/python3.12/site-packages:/home/username/ros2_ws/src/install/px4_ros_com/lib/python3.12/site-packages:/opt/ros/jazzy/lib/python3.12/site-packages /usr/bin/cmake --build /home/username/ros2_ws/src/build/img_capture -- -j4 -l4
[1.197s] Invoking command in '/home/username/ros2_ws/src/build/img_capture': CMAKE_PREFIX_PATH=/home/username/ros2_ws/src/install/px4_msgs:/home/username/ros2_ws/install/px4_ros_com:/home/username/ros2_ws/install/img_capture:/home/username/ros2_ws/install/px4_msgs:/home/username/ros2_ws/install/low_alt:/home/username/ros2_ws/src/install/px4_ros_com:/home/username/ros2_ws/src/install/low_alt:/home/username/ros2_ws/src/install/img_capture:/home/username/ros2_ws/install/odometry_pkg:/opt/ros/jazzy LD_LIBRARY_PATH=/home/username/ros2_ws/src/install/px4_msgs/lib:/home/username/ros2_ws/install/px4_ros_com/lib:/home/username/ros2_ws/install/px4_msgs/lib:/home/username/ros2_ws/src/install/px4_ros_com/lib:/opt/ros/jazzy/lib/aarch64-linux-gnu:/opt/ros/jazzy/lib:/usr/local/lib:/usr/local/lib PYTHONPATH=/home/username/ros2_ws/src/install/px4_msgs/lib/python3.12/site-packages:/home/username/ros2_ws/install/odometry_pkg/lib/python3.12/site-packages:/home/username/ros2_ws/install/px4_ros_com/lib/python3.12/site-packages:/home/username/ros2_ws/install/px4_msgs/lib/python3.12/site-packages:/home/username/ros2_ws/src/install/px4_ros_com/lib/python3.12/site-packages:/opt/ros/jazzy/lib/python3.12/site-packages /usr/bin/cmake --install /home/username/ros2_ws/src/build/img_capture
[1.211s] -- Install configuration: ""
[1.212s] -- Up-to-date: /home/username/ros2_ws/src/install/img_capture/lib/img_capture/seekcamera_publisher
[1.212s] -- Installing: /home/username/ros2_ws/src/install/img_capture/lib/img_capture/flight_logger.py
[1.214s] -- Installing: /home/username/ros2_ws/src/install/img_capture/lib/img_capture/odometry_publisher.py
[1.214s] -- Installing: /home/username/ros2_ws/src/install/img_capture/lib/img_capture/live_feedback.py
[1.214s] -- Installing: /home/username/ros2_ws/src/install/img_capture/lib/img_capture/high_alt_filter.py
[1.215s] -- Installing: /home/username/ros2_ws/src/install/img_capture/lib/img_capture/low_alt_filter.py
[1.215s] -- Installing: /home/username/ros2_ws/src/install/img_capture/lib/img_capture/sim_odometry_publisher.py
[1.215s] -- Installing: /home/username/ros2_ws/src/install/img_capture/lib/img_capture/sim_seekcamera_publisher.py
[1.216s] -- Installing: /home/username/ros2_ws/src/install/img_capture/share/ament_index/resource_index/package_run_dependencies/img_capture
[1.216s] -- Installing: /home/username/ros2_ws/src/install/img_capture/share/ament_index/resource_index/parent_prefix_path/img_capture
[1.216s] -- Up-to-date: /home/username/ros2_ws/src/install/img_capture/share/img_capture/environment/ament_prefix_path.sh
[1.216s] -- Up-to-date: /home/username/ros2_ws/src/install/img_capture/share/img_capture/environment/ament_prefix_path.dsv
[1.216s] -- Up-to-date: /home/username/ros2_ws/src/install/img_capture/share/img_capture/environment/path.sh
[1.216s] -- Up-to-date: /home/username/ros2_ws/src/install/img_capture/share/img_capture/environment/path.dsv
[1.216s] -- Up-to-date: /home/username/ros2_ws/src/install/img_capture/share/img_capture/local_setup.bash
[1.219s] -- Up-to-date: /home/username/ros2_ws/src/install/img_capture/share/img_capture/local_setup.sh
[1.219s] -- Up-to-date: /home/username/ros2_ws/src/install/img_capture/share/img_capture/local_setup.zsh
[1.220s] -- Up-to-date: /home/username/ros2_ws/src/install/img_capture/share/img_capture/local_setup.dsv
[1.220s] -- Installing: /home/username/ros2_ws/src/install/img_capture/share/img_capture/package.dsv
[1.220s] -- Up-to-date: /home/username/ros2_ws/src/install/img_capture/share/ament_index/resource_index/packages/img_capture
[1.220s] -- Up-to-date: /home/username/ros2_ws/src/install/img_capture/share/img_capture/cmake/img_captureConfig.cmake
[1.220s] -- Up-to-date: /home/username/ros2_ws/src/install/img_capture/share/img_capture/cmake/img_captureConfig-version.cmake
[1.220s] -- Installing: /home/username/ros2_ws/src/install/img_capture/share/img_capture/package.xml
[1.220s] -- Up-to-date: /home/username/ros2_ws/src/install/img_capture/share/img_capture//launch
[1.220s] -- Up-to-date: /home/username/ros2_ws/src/install/img_capture/share/img_capture//launch/img_capture.launch.py
[1.223s] Invoked command in '/home/username/ros2_ws/src/build/img_capture' returned '0': CMAKE_PREFIX_PATH=/home/username/ros2_ws/src/install/px4_msgs:/home/username/ros2_ws/install/px4_ros_com:/home/username/ros2_ws/install/img_capture:/home/username/ros2_ws/install/px4_msgs:/home/username/ros2_ws/install/low_alt:/home/username/ros2_ws/src/install/px4_ros_com:/home/username/ros2_ws/src/install/low_alt:/home/username/ros2_ws/src/install/img_capture:/home/username/ros2_ws/install/odometry_pkg:/opt/ros/jazzy LD_LIBRARY_PATH=/home/username/ros2_ws/src/install/px4_msgs/lib:/home/username/ros2_ws/install/px4_ros_com/lib:/home/username/ros2_ws/install/px4_msgs/lib:/home/username/ros2_ws/src/install/px4_ros_com/lib:/opt/ros/jazzy/lib/aarch64-linux-gnu:/opt/ros/jazzy/lib:/usr/local/lib:/usr/local/lib PYTHONPATH=/home/username/ros2_ws/src/install/px4_msgs/lib/python3.12/site-packages:/home/username/ros2_ws/install/odometry_pkg/lib/python3.12/site-packages:/home/username/ros2_ws/install/px4_ros_com/lib/python3.12/site-packages:/home/username/ros2_ws/install/px4_msgs/lib/python3.12/site-packages:/home/username/ros2_ws/src/install/px4_ros_com/lib/python3.12/site-packages:/opt/ros/jazzy/lib/python3.12/site-packages /usr/bin/cmake --install /home/username/ros2_ws/src/build/img_capture
