[0.024s] Invoking command in '/home/username/ros2_ws/src/build/px4_msgs': CMAKE_PREFIX_PATH=${CMAKE_PREFIX_PATH}:/home/username/ros2_ws/src/install/odometry_publisher:/home/username/ros2_ws/install/odometry_publisher:/home/username/ros2_ws/install/detection:/opt/ros/jazzy /usr/bin/cmake /home/username/ros2_ws/src/px4_msgs -DCMAKE_INSTALL_PREFIX=/home/username/ros2_ws/src/install/px4_msgs
[0.164s] -- The C compiler identification is GNU 13.3.0
[0.303s] -- The CXX compiler identification is GNU 13.3.0
[0.331s] -- Detecting C compiler ABI info
[0.526s] -- Detecting C compiler ABI info - done
[0.541s] -- Check for working C compiler: /usr/bin/cc - skipped
[0.541s] -- Detecting C compile features
[0.542s] -- Detecting C compile features - done
[0.556s] -- Detecting CXX compiler ABI info
[0.774s] -- Detecting CXX compiler ABI info - done
[0.789s] -- Check for working CXX compiler: /usr/bin/c++ - skipped
[0.789s] -- Detecting CXX compile features
[0.790s] -- Detecting CXX compile features - done
[0.793s] -- Found ament_cmake: 2.5.3 (/opt/ros/jazzy/share/ament_cmake/cmake)
[1.096s] -- Found Python3: /usr/bin/python3 (found version "3.12.3") found components: Interpreter 
[1.306s] -- Found builtin_interfaces: 2.0.2 (/opt/ros/jazzy/share/builtin_interfaces/cmake)
[1.349s] -- Found rosidl_generator_c: 4.6.5 (/opt/ros/jazzy/share/rosidl_generator_c/cmake)
[1.368s] -- Found rosidl_generator_cpp: 4.6.5 (/opt/ros/jazzy/share/rosidl_generator_cpp/cmake)
[1.390s] -- Using all available rosidl_typesupport_c: rosidl_typesupport_fastrtps_c;rosidl_typesupport_introspection_c
[1.415s] -- Using all available rosidl_typesupport_cpp: rosidl_typesupport_fastrtps_cpp;rosidl_typesupport_introspection_cpp
[1.438s] -- Found rosidl_default_generators: 1.6.0 (/opt/ros/jazzy/share/rosidl_default_generators/cmake)
[1.458s] -- Found rosidl_adapter: 4.6.5 (/opt/ros/jazzy/share/rosidl_adapter/cmake)
[4.745s] -- Found ament_cmake_cppcheck: 0.17.1 (/opt/ros/jazzy/share/ament_cmake_cppcheck/cmake)
[4.749s] -- Found ament_cmake_cpplint: 0.17.1 (/opt/ros/jazzy/share/ament_cmake_cpplint/cmake)
[4.755s] -- Found ament_cmake_uncrustify: 0.17.1 (/opt/ros/jazzy/share/ament_cmake_uncrustify/cmake)
[4.761s] -- Found ament_cmake_ros: 0.12.0 (/opt/ros/jazzy/share/ament_cmake_ros/cmake)
[6.446s] -- Using all available rosidl_typesupport_c: rosidl_typesupport_fastrtps_c;rosidl_typesupport_introspection_c
[7.163s] -- Using all available rosidl_typesupport_cpp: rosidl_typesupport_fastrtps_cpp;rosidl_typesupport_introspection_cpp
[7.182s] -- Found python_cmake_module: 0.11.1 (/opt/ros/jazzy/share/python_cmake_module/cmake)
[7.490s] -- Found PythonExtra: /usr/bin/python3  
[8.559s] -- Found Python3: /usr/bin/python3 (found version "3.12.3") found components: Interpreter Development NumPy Development.Module Development.Embed 
[8.733s] -- Found ament_cmake_flake8: 0.17.1 (/opt/ros/jazzy/share/ament_cmake_flake8/cmake)
[8.739s] -- Found ament_cmake_pep257: 0.17.1 (/opt/ros/jazzy/share/ament_cmake_pep257/cmake)
[8.772s] -- Configuring done (8.7s)
[9.919s] -- Generating done (0.9s)
[10.042s] -- Build files have been written to: /home/username/ros2_ws/src/build/px4_msgs
[10.121s] Invoked command in '/home/username/ros2_ws/src/build/px4_msgs' returned '0': CMAKE_PREFIX_PATH=${CMAKE_PREFIX_PATH}:/home/username/ros2_ws/src/install/odometry_publisher:/home/username/ros2_ws/install/odometry_publisher:/home/username/ros2_ws/install/detection:/opt/ros/jazzy /usr/bin/cmake /home/username/ros2_ws/src/px4_msgs -DCMAKE_INSTALL_PREFIX=/home/username/ros2_ws/src/install/px4_msgs
[10.121s] Invoking command in '/home/username/ros2_ws/src/build/px4_msgs': CMAKE_PREFIX_PATH=${CMAKE_PREFIX_PATH}:/home/username/ros2_ws/src/install/odometry_publisher:/home/username/ros2_ws/install/odometry_publisher:/home/username/ros2_ws/install/detection:/opt/ros/jazzy /usr/bin/cmake --build /home/username/ros2_ws/src/build/px4_msgs
[11.161s] Invoked command in '/home/username/ros2_ws/src/build/px4_msgs' returned '-2': CMAKE_PREFIX_PATH=${CMAKE_PREFIX_PATH}:/home/username/ros2_ws/src/install/odometry_publisher:/home/username/ros2_ws/install/odometry_publisher:/home/username/ros2_ws/install/detection:/opt/ros/jazzy /usr/bin/cmake --build /home/username/ros2_ws/src/build/px4_msgs
