[0.148s] DEBUG:colcon:Command line arguments: ['/usr/bin/colcon', 'build', '--packages-select', 'custom_msgs']
[0.148s] DEBUG:colcon:Parsed command line arguments: Namespace(log_base=None, log_level=None, verb_name='build', build_base='build', install_base='install', merge_install=False, symlink_install=False, test_result_base=None, continue_on_error=False, executor='parallel', parallel_workers=4, event_handlers=None, ignore_user_meta=False, metas=['./colcon.meta'], base_paths=['.'], packages_ignore=None, packages_ignore_regex=None, paths=None, packages_up_to=None, packages_up_to_regex=None, packages_above=None, packages_above_and_dependencies=None, packages_above_depth=None, packages_select_by_dep=None, packages_skip_by_dep=None, packages_skip_up_to=None, packages_select_build_failed=False, packages_skip_build_finished=False, packages_select_test_failures=False, packages_skip_test_passed=False, packages_select=['custom_msgs'], packages_skip=None, packages_select_regex=None, packages_skip_regex=None, packages_start=None, packages_end=None, allow_overriding=[], cmake_args=None, cmake_target=None, cmake_target_skip_unavailable=False, cmake_clean_cache=False, cmake_clean_first=False, cmake_force_configure=False, ament_cmake_args=None, catkin_cmake_args=None, catkin_skip_building_tests=False, mixin_files=None, mixin=None, verb_parser=<colcon_mixin.mixin.mixin_argument.MixinArgumentDecorator object at 0xffff8cf049e0>, verb_extension=<colcon_core.verb.build.BuildVerb object at 0xffff8d0b1250>, main=<bound method BuildVerb.main of <colcon_core.verb.build.BuildVerb object at 0xffff8d0b1250>>, mixin_verb=('build',))
[0.205s] Level 1:colcon.colcon_core.package_discovery:discover_packages(colcon_meta) check parameters
[0.205s] Level 1:colcon.colcon_core.package_discovery:discover_packages(recursive) check parameters
[0.206s] Level 1:colcon.colcon_core.package_discovery:discover_packages(ignore) check parameters
[0.206s] Level 1:colcon.colcon_core.package_discovery:discover_packages(path) check parameters
[0.206s] Level 1:colcon.colcon_core.package_discovery:discover_packages(colcon_meta) discover
[0.206s] Level 1:colcon.colcon_core.package_discovery:discover_packages(recursive) discover
[0.206s] INFO:colcon.colcon_core.package_discovery:Crawling recursively for packages in '/home/username/ros2_ws/src'
[0.206s] Level 1:colcon.colcon_core.package_identification:_identify(.) by extensions ['ignore', 'ignore_ament_install']
[0.206s] Level 1:colcon.colcon_core.package_identification:_identify(.) by extension 'ignore'
[0.206s] Level 1:colcon.colcon_core.package_identification:_identify(.) by extension 'ignore_ament_install'
[0.206s] Level 1:colcon.colcon_core.package_identification:_identify(.) by extensions ['colcon_pkg']
[0.206s] Level 1:colcon.colcon_core.package_identification:_identify(.) by extension 'colcon_pkg'
[0.206s] Level 1:colcon.colcon_core.package_identification:_identify(.) by extensions ['colcon_meta']
[0.206s] Level 1:colcon.colcon_core.package_identification:_identify(.) by extension 'colcon_meta'
[0.206s] Level 1:colcon.colcon_core.package_identification:_identify(.) by extensions ['ros']
[0.206s] Level 1:colcon.colcon_core.package_identification:_identify(.) by extension 'ros'
[0.247s] Level 1:colcon.colcon_core.package_identification:_identify(.) by extensions ['cmake', 'python']
[0.247s] Level 1:colcon.colcon_core.package_identification:_identify(.) by extension 'cmake'
[0.248s] Level 1:colcon.colcon_core.package_identification:_identify(.) by extension 'python'
[0.248s] Level 1:colcon.colcon_core.package_identification:_identify(.) by extensions ['python_setup_py']
[0.248s] Level 1:colcon.colcon_core.package_identification:_identify(.) by extension 'python_setup_py'
[0.248s] Level 1:colcon.colcon_core.package_identification:_identify(build) by extensions ['ignore', 'ignore_ament_install']
[0.248s] Level 1:colcon.colcon_core.package_identification:_identify(build) by extension 'ignore'
[0.248s] Level 1:colcon.colcon_core.package_identification:_identify(build) ignored
[0.248s] Level 1:colcon.colcon_core.package_identification:_identify(custom_msgs) by extensions ['ignore', 'ignore_ament_install']
[0.248s] Level 1:colcon.colcon_core.package_identification:_identify(custom_msgs) by extension 'ignore'
[0.248s] Level 1:colcon.colcon_core.package_identification:_identify(custom_msgs) by extension 'ignore_ament_install'
[0.249s] Level 1:colcon.colcon_core.package_identification:_identify(custom_msgs) by extensions ['colcon_pkg']
[0.249s] Level 1:colcon.colcon_core.package_identification:_identify(custom_msgs) by extension 'colcon_pkg'
[0.249s] Level 1:colcon.colcon_core.package_identification:_identify(custom_msgs) by extensions ['colcon_meta']
[0.249s] Level 1:colcon.colcon_core.package_identification:_identify(custom_msgs) by extension 'colcon_meta'
[0.249s] Level 1:colcon.colcon_core.package_identification:_identify(custom_msgs) by extensions ['ros']
[0.249s] Level 1:colcon.colcon_core.package_identification:_identify(custom_msgs) by extension 'ros'
[0.252s] DEBUG:colcon.colcon_core.package_identification:Package 'custom_msgs' with type 'ros.ament_cmake' and name 'custom_msgs'
[0.252s] Level 1:colcon.colcon_core.package_identification:_identify(img_capture) by extensions ['ignore', 'ignore_ament_install']
[0.252s] Level 1:colcon.colcon_core.package_identification:_identify(img_capture) by extension 'ignore'
[0.252s] Level 1:colcon.colcon_core.package_identification:_identify(img_capture) by extension 'ignore_ament_install'
[0.252s] Level 1:colcon.colcon_core.package_identification:_identify(img_capture) by extensions ['colcon_pkg']
[0.252s] Level 1:colcon.colcon_core.package_identification:_identify(img_capture) by extension 'colcon_pkg'
[0.252s] Level 1:colcon.colcon_core.package_identification:_identify(img_capture) by extensions ['colcon_meta']
[0.253s] Level 1:colcon.colcon_core.package_identification:_identify(img_capture) by extension 'colcon_meta'
[0.253s] Level 1:colcon.colcon_core.package_identification:_identify(img_capture) by extensions ['ros']
[0.253s] Level 1:colcon.colcon_core.package_identification:_identify(img_capture) by extension 'ros'
[0.253s] DEBUG:colcon.colcon_core.package_identification:Package 'img_capture' with type 'ros.ament_cmake' and name 'img_capture'
[0.254s] Level 1:colcon.colcon_core.package_identification:_identify(install) by extensions ['ignore', 'ignore_ament_install']
[0.254s] Level 1:colcon.colcon_core.package_identification:_identify(install) by extension 'ignore'
[0.254s] Level 1:colcon.colcon_core.package_identification:_identify(install) ignored
[0.254s] Level 1:colcon.colcon_core.package_identification:_identify(log) by extensions ['ignore', 'ignore_ament_install']
[0.254s] Level 1:colcon.colcon_core.package_identification:_identify(log) by extension 'ignore'
[0.254s] Level 1:colcon.colcon_core.package_identification:_identify(log) ignored
[0.254s] Level 1:colcon.colcon_core.package_identification:_identify(px4_msgs) by extensions ['ignore', 'ignore_ament_install']
[0.254s] Level 1:colcon.colcon_core.package_identification:_identify(px4_msgs) by extension 'ignore'
[0.254s] Level 1:colcon.colcon_core.package_identification:_identify(px4_msgs) by extension 'ignore_ament_install'
[0.254s] Level 1:colcon.colcon_core.package_identification:_identify(px4_msgs) by extensions ['colcon_pkg']
[0.254s] Level 1:colcon.colcon_core.package_identification:_identify(px4_msgs) by extension 'colcon_pkg'
[0.255s] Level 1:colcon.colcon_core.package_identification:_identify(px4_msgs) by extensions ['colcon_meta']
[0.255s] Level 1:colcon.colcon_core.package_identification:_identify(px4_msgs) by extension 'colcon_meta'
[0.255s] Level 1:colcon.colcon_core.package_identification:_identify(px4_msgs) by extensions ['ros']
[0.255s] Level 1:colcon.colcon_core.package_identification:_identify(px4_msgs) by extension 'ros'
[0.255s] DEBUG:colcon.colcon_core.package_identification:Package 'px4_msgs' with type 'ros.ament_cmake' and name 'px4_msgs'
[0.255s] Level 1:colcon.colcon_core.package_identification:_identify(px4_ros_com) by extensions ['ignore', 'ignore_ament_install']
[0.256s] Level 1:colcon.colcon_core.package_identification:_identify(px4_ros_com) by extension 'ignore'
[0.256s] Level 1:colcon.colcon_core.package_identification:_identify(px4_ros_com) by extension 'ignore_ament_install'
[0.256s] Level 1:colcon.colcon_core.package_identification:_identify(px4_ros_com) by extensions ['colcon_pkg']
[0.256s] Level 1:colcon.colcon_core.package_identification:_identify(px4_ros_com) by extension 'colcon_pkg'
[0.256s] Level 1:colcon.colcon_core.package_identification:_identify(px4_ros_com) by extensions ['colcon_meta']
[0.256s] Level 1:colcon.colcon_core.package_identification:_identify(px4_ros_com) by extension 'colcon_meta'
[0.256s] Level 1:colcon.colcon_core.package_identification:_identify(px4_ros_com) by extensions ['ros']
[0.256s] Level 1:colcon.colcon_core.package_identification:_identify(px4_ros_com) by extension 'ros'
[0.257s] DEBUG:colcon.colcon_core.package_identification:Package 'px4_ros_com' with type 'ros.ament_cmake' and name 'px4_ros_com'
[0.257s] Level 1:colcon.colcon_core.package_discovery:discover_packages(recursive) using defaults
[0.257s] Level 1:colcon.colcon_core.package_discovery:discover_packages(ignore) discover
[0.257s] Level 1:colcon.colcon_core.package_discovery:discover_packages(ignore) using defaults
[0.257s] Level 1:colcon.colcon_core.package_discovery:discover_packages(path) discover
[0.258s] Level 1:colcon.colcon_core.package_discovery:discover_packages(path) using defaults
[0.282s] INFO:colcon.colcon_core.package_selection:Skipping not selected package 'px4_msgs' in 'px4_msgs'
[0.282s] INFO:colcon.colcon_core.package_selection:Skipping not selected package 'img_capture' in 'img_capture'
[0.282s] INFO:colcon.colcon_core.package_selection:Skipping not selected package 'px4_ros_com' in 'px4_ros_com'
[0.283s] Level 1:colcon.colcon_core.package_discovery:discover_packages(prefix_path) check parameters
[0.283s] Level 1:colcon.colcon_core.package_discovery:discover_packages(prefix_path) discover
[0.286s] DEBUG:colcon.colcon_installed_package_information.package_discovery:Found 5 installed packages in /home/username/ros2_ws/install
[0.286s] DEBUG:colcon.colcon_installed_package_information.package_discovery:Found 5 installed packages in /home/username/ros2_ws/src/install
[0.288s] DEBUG:colcon.colcon_installed_package_information.package_discovery:Found 192 installed packages in /opt/ros/jazzy
[0.289s] Level 1:colcon.colcon_core.package_discovery:discover_packages(prefix_path) using defaults
[0.331s] Level 5:colcon.colcon_core.verb:set package 'custom_msgs' build argument 'cmake_args' from command line to 'None'
[0.331s] Level 5:colcon.colcon_core.verb:set package 'custom_msgs' build argument 'cmake_target' from command line to 'None'
[0.331s] Level 5:colcon.colcon_core.verb:set package 'custom_msgs' build argument 'cmake_target_skip_unavailable' from command line to 'False'
[0.331s] Level 5:colcon.colcon_core.verb:set package 'custom_msgs' build argument 'cmake_clean_cache' from command line to 'False'
[0.331s] Level 5:colcon.colcon_core.verb:set package 'custom_msgs' build argument 'cmake_clean_first' from command line to 'False'
[0.331s] Level 5:colcon.colcon_core.verb:set package 'custom_msgs' build argument 'cmake_force_configure' from command line to 'False'
[0.331s] Level 5:colcon.colcon_core.verb:set package 'custom_msgs' build argument 'ament_cmake_args' from command line to 'None'
[0.331s] Level 5:colcon.colcon_core.verb:set package 'custom_msgs' build argument 'catkin_cmake_args' from command line to 'None'
[0.331s] Level 5:colcon.colcon_core.verb:set package 'custom_msgs' build argument 'catkin_skip_building_tests' from command line to 'False'
[0.331s] DEBUG:colcon.colcon_core.verb:Building package 'custom_msgs' with the following arguments: {'ament_cmake_args': None, 'build_base': '/home/username/ros2_ws/src/build/custom_msgs', 'catkin_cmake_args': None, 'catkin_skip_building_tests': False, 'cmake_args': None, 'cmake_clean_cache': False, 'cmake_clean_first': False, 'cmake_force_configure': False, 'cmake_target': None, 'cmake_target_skip_unavailable': False, 'install_base': '/home/username/ros2_ws/src/install/custom_msgs', 'merge_install': False, 'path': '/home/username/ros2_ws/src/custom_msgs', 'symlink_install': False, 'test_result_base': None}
[0.331s] INFO:colcon.colcon_core.executor:Executing jobs using 'parallel' executor
[0.333s] DEBUG:colcon.colcon_parallel_executor.executor.parallel:run_until_complete
[0.333s] INFO:colcon.colcon_ros.task.ament_cmake.build:Building ROS package in '/home/username/ros2_ws/src/custom_msgs' with build type 'ament_cmake'
[0.333s] INFO:colcon.colcon_cmake.task.cmake.build:Building CMake package in '/home/username/ros2_ws/src/custom_msgs'
[0.336s] INFO:colcon.colcon_core.plugin_system:Skipping extension 'colcon_core.shell.bat': Not used on non-Windows systems
[0.336s] INFO:colcon.colcon_core.shell:Skip shell extension 'powershell' for command environment: Not usable outside of PowerShell
[0.336s] DEBUG:colcon.colcon_core.shell:Skip shell extension 'dsv' for command environment
[0.350s] DEBUG:colcon.colcon_core.event_handler.log_command:Invoking command in '/home/username/ros2_ws/src/build/custom_msgs': CMAKE_PREFIX_PATH=${CMAKE_PREFIX_PATH}:/home/username/ros2_ws/install/odometry_pkg:/opt/ros/jazzy /usr/bin/cmake /home/username/ros2_ws/src/custom_msgs -DCMAKE_INSTALL_PREFIX=/home/username/ros2_ws/src/install/custom_msgs
[5.634s] DEBUG:colcon.colcon_core.event_handler.log_command:Invoked command in '/home/username/ros2_ws/src/build/custom_msgs' returned '0': CMAKE_PREFIX_PATH=${CMAKE_PREFIX_PATH}:/home/username/ros2_ws/install/odometry_pkg:/opt/ros/jazzy /usr/bin/cmake /home/username/ros2_ws/src/custom_msgs -DCMAKE_INSTALL_PREFIX=/home/username/ros2_ws/src/install/custom_msgs
[5.635s] DEBUG:colcon.colcon_core.event_handler.log_command:Invoking command in '/home/username/ros2_ws/src/build/custom_msgs': CMAKE_PREFIX_PATH=${CMAKE_PREFIX_PATH}:/home/username/ros2_ws/install/odometry_pkg:/opt/ros/jazzy /usr/bin/cmake --build /home/username/ros2_ws/src/build/custom_msgs -- -j4 -l4
[16.014s] DEBUG:colcon.colcon_core.event_handler.log_command:Invoked command in '/home/username/ros2_ws/src/build/custom_msgs' returned '0': CMAKE_PREFIX_PATH=${CMAKE_PREFIX_PATH}:/home/username/ros2_ws/install/odometry_pkg:/opt/ros/jazzy /usr/bin/cmake --build /home/username/ros2_ws/src/build/custom_msgs -- -j4 -l4
[16.039s] DEBUG:colcon.colcon_core.event_handler.log_command:Invoking command in '/home/username/ros2_ws/src/build/custom_msgs': CMAKE_PREFIX_PATH=${CMAKE_PREFIX_PATH}:/home/username/ros2_ws/install/odometry_pkg:/opt/ros/jazzy /usr/bin/cmake --install /home/username/ros2_ws/src/build/custom_msgs
[16.176s] Level 1:colcon.colcon_core.environment:create_environment_scripts_only(custom_msgs)
[16.179s] DEBUG:colcon.colcon_core.event_handler.log_command:Invoked command in '/home/username/ros2_ws/src/build/custom_msgs' returned '0': CMAKE_PREFIX_PATH=${CMAKE_PREFIX_PATH}:/home/username/ros2_ws/install/odometry_pkg:/opt/ros/jazzy /usr/bin/cmake --install /home/username/ros2_ws/src/build/custom_msgs
[16.182s] Level 1:colcon.colcon_core.environment:checking '/home/username/ros2_ws/src/install/custom_msgs' for CMake module files
[16.183s] Level 1:colcon.colcon_core.environment:checking '/home/username/ros2_ws/src/install/custom_msgs' for CMake config files
[16.184s] Level 1:colcon.colcon_core.shell:create_environment_hook('custom_msgs', 'cmake_prefix_path')
[16.185s] INFO:colcon.colcon_core.shell:Creating environment hook '/home/username/ros2_ws/src/install/custom_msgs/share/custom_msgs/hook/cmake_prefix_path.ps1'
[16.186s] INFO:colcon.colcon_core.shell:Creating environment descriptor '/home/username/ros2_ws/src/install/custom_msgs/share/custom_msgs/hook/cmake_prefix_path.dsv'
[16.187s] INFO:colcon.colcon_core.shell:Creating environment hook '/home/username/ros2_ws/src/install/custom_msgs/share/custom_msgs/hook/cmake_prefix_path.sh'
[16.188s] Level 1:colcon.colcon_core.environment:checking '/home/username/ros2_ws/src/install/custom_msgs/lib'
[16.188s] Level 1:colcon.colcon_core.shell:create_environment_hook('custom_msgs', 'ld_library_path_lib')
[16.189s] INFO:colcon.colcon_core.shell:Creating environment hook '/home/username/ros2_ws/src/install/custom_msgs/share/custom_msgs/hook/ld_library_path_lib.ps1'
[16.189s] INFO:colcon.colcon_core.shell:Creating environment descriptor '/home/username/ros2_ws/src/install/custom_msgs/share/custom_msgs/hook/ld_library_path_lib.dsv'
[16.190s] INFO:colcon.colcon_core.shell:Creating environment hook '/home/username/ros2_ws/src/install/custom_msgs/share/custom_msgs/hook/ld_library_path_lib.sh'
[16.191s] Level 1:colcon.colcon_core.environment:checking '/home/username/ros2_ws/src/install/custom_msgs/bin'
[16.191s] Level 1:colcon.colcon_core.environment:checking '/home/username/ros2_ws/src/install/custom_msgs/lib/pkgconfig/custom_msgs.pc'
[16.191s] Level 1:colcon.colcon_core.environment:checking '/home/username/ros2_ws/src/install/custom_msgs/lib/python3.12/site-packages'
[16.192s] Level 1:colcon.colcon_core.shell:create_environment_hook('custom_msgs', 'pythonpath')
[16.192s] INFO:colcon.colcon_core.shell:Creating environment hook '/home/username/ros2_ws/src/install/custom_msgs/share/custom_msgs/hook/pythonpath.ps1'
[16.193s] INFO:colcon.colcon_core.shell:Creating environment descriptor '/home/username/ros2_ws/src/install/custom_msgs/share/custom_msgs/hook/pythonpath.dsv'
[16.193s] INFO:colcon.colcon_core.shell:Creating environment hook '/home/username/ros2_ws/src/install/custom_msgs/share/custom_msgs/hook/pythonpath.sh'
[16.194s] Level 1:colcon.colcon_core.environment:checking '/home/username/ros2_ws/src/install/custom_msgs/bin'
[16.195s] INFO:colcon.colcon_core.shell:Creating package script '/home/username/ros2_ws/src/install/custom_msgs/share/custom_msgs/package.ps1'
[16.196s] INFO:colcon.colcon_core.shell:Creating package descriptor '/home/username/ros2_ws/src/install/custom_msgs/share/custom_msgs/package.dsv'
[16.197s] INFO:colcon.colcon_core.shell:Creating package script '/home/username/ros2_ws/src/install/custom_msgs/share/custom_msgs/package.sh'
[16.199s] INFO:colcon.colcon_core.shell:Creating package script '/home/username/ros2_ws/src/install/custom_msgs/share/custom_msgs/package.bash'
[16.200s] INFO:colcon.colcon_core.shell:Creating package script '/home/username/ros2_ws/src/install/custom_msgs/share/custom_msgs/package.zsh'
[16.202s] Level 1:colcon.colcon_core.environment:create_file_with_runtime_dependencies(/home/username/ros2_ws/src/install/custom_msgs/share/colcon-core/packages/custom_msgs)
[16.203s] Level 1:colcon.colcon_core.environment:create_environment_scripts_only(custom_msgs)
[16.204s] Level 1:colcon.colcon_core.environment:checking '/home/username/ros2_ws/src/install/custom_msgs' for CMake module files
[16.205s] Level 1:colcon.colcon_core.environment:checking '/home/username/ros2_ws/src/install/custom_msgs' for CMake config files
[16.206s] Level 1:colcon.colcon_core.shell:create_environment_hook('custom_msgs', 'cmake_prefix_path')
[16.206s] INFO:colcon.colcon_core.shell:Creating environment hook '/home/username/ros2_ws/src/install/custom_msgs/share/custom_msgs/hook/cmake_prefix_path.ps1'
[16.207s] INFO:colcon.colcon_core.shell:Creating environment descriptor '/home/username/ros2_ws/src/install/custom_msgs/share/custom_msgs/hook/cmake_prefix_path.dsv'
[16.208s] INFO:colcon.colcon_core.shell:Creating environment hook '/home/username/ros2_ws/src/install/custom_msgs/share/custom_msgs/hook/cmake_prefix_path.sh'
[16.209s] Level 1:colcon.colcon_core.environment:checking '/home/username/ros2_ws/src/install/custom_msgs/lib'
[16.209s] Level 1:colcon.colcon_core.shell:create_environment_hook('custom_msgs', 'ld_library_path_lib')
[16.210s] INFO:colcon.colcon_core.shell:Creating environment hook '/home/username/ros2_ws/src/install/custom_msgs/share/custom_msgs/hook/ld_library_path_lib.ps1'
[16.211s] INFO:colcon.colcon_core.shell:Creating environment descriptor '/home/username/ros2_ws/src/install/custom_msgs/share/custom_msgs/hook/ld_library_path_lib.dsv'
[16.214s] INFO:colcon.colcon_core.shell:Creating environment hook '/home/username/ros2_ws/src/install/custom_msgs/share/custom_msgs/hook/ld_library_path_lib.sh'
[16.216s] Level 1:colcon.colcon_core.environment:checking '/home/username/ros2_ws/src/install/custom_msgs/bin'
[16.216s] Level 1:colcon.colcon_core.environment:checking '/home/username/ros2_ws/src/install/custom_msgs/lib/pkgconfig/custom_msgs.pc'
[16.216s] Level 1:colcon.colcon_core.environment:checking '/home/username/ros2_ws/src/install/custom_msgs/lib/python3.12/site-packages'
[16.217s] Level 1:colcon.colcon_core.shell:create_environment_hook('custom_msgs', 'pythonpath')
[16.217s] INFO:colcon.colcon_core.shell:Creating environment hook '/home/username/ros2_ws/src/install/custom_msgs/share/custom_msgs/hook/pythonpath.ps1'
[16.218s] INFO:colcon.colcon_core.shell:Creating environment descriptor '/home/username/ros2_ws/src/install/custom_msgs/share/custom_msgs/hook/pythonpath.dsv'
[16.219s] INFO:colcon.colcon_core.shell:Creating environment hook '/home/username/ros2_ws/src/install/custom_msgs/share/custom_msgs/hook/pythonpath.sh'
[16.222s] Level 1:colcon.colcon_core.environment:checking '/home/username/ros2_ws/src/install/custom_msgs/bin'
[16.223s] INFO:colcon.colcon_core.shell:Creating package script '/home/username/ros2_ws/src/install/custom_msgs/share/custom_msgs/package.ps1'
[16.224s] INFO:colcon.colcon_core.shell:Creating package descriptor '/home/username/ros2_ws/src/install/custom_msgs/share/custom_msgs/package.dsv'
[16.226s] INFO:colcon.colcon_core.shell:Creating package script '/home/username/ros2_ws/src/install/custom_msgs/share/custom_msgs/package.sh'
[16.227s] INFO:colcon.colcon_core.shell:Creating package script '/home/username/ros2_ws/src/install/custom_msgs/share/custom_msgs/package.bash'
[16.230s] INFO:colcon.colcon_core.shell:Creating package script '/home/username/ros2_ws/src/install/custom_msgs/share/custom_msgs/package.zsh'
[16.231s] Level 1:colcon.colcon_core.environment:create_file_with_runtime_dependencies(/home/username/ros2_ws/src/install/custom_msgs/share/colcon-core/packages/custom_msgs)
[16.233s] DEBUG:colcon.colcon_parallel_executor.executor.parallel:closing loop
[16.234s] DEBUG:colcon.colcon_parallel_executor.executor.parallel:loop closed
[16.235s] DEBUG:colcon.colcon_parallel_executor.executor.parallel:run_until_complete finished with '0'
[16.235s] DEBUG:colcon.colcon_core.event_reactor:joining thread
[16.245s] INFO:colcon.colcon_core.plugin_system:Skipping extension 'colcon_notification.desktop_notification.notify_send': Could not find 'notify-send'
[16.245s] INFO:colcon.colcon_core.plugin_system:Skipping extension 'colcon_notification.desktop_notification.terminal_notifier': Not used on non-Darwin systems
[16.245s] INFO:colcon.colcon_core.plugin_system:Skipping extension 'colcon_notification.desktop_notification.win32': Not used on non-Windows systems
[16.245s] INFO:colcon.colcon_notification.desktop_notification:Sending desktop notification using 'notify2'
[16.247s] DEBUG:colcon.colcon_notification.desktop_notification.notify2:Failed to initialize notify2: org.freedesktop.DBus.Error.ServiceUnknown: The name org.freedesktop.Notifications was not provided by any .service files
[16.247s] DEBUG:colcon.colcon_core.event_reactor:joined thread
[16.247s] INFO:colcon.colcon_core.shell:Creating prefix script '/home/username/ros2_ws/src/install/local_setup.ps1'
[16.249s] INFO:colcon.colcon_core.shell:Creating prefix util module '/home/username/ros2_ws/src/install/_local_setup_util_ps1.py'
[16.250s] INFO:colcon.colcon_core.shell:Creating prefix chain script '/home/username/ros2_ws/src/install/setup.ps1'
[16.254s] INFO:colcon.colcon_core.shell:Creating prefix script '/home/username/ros2_ws/src/install/local_setup.sh'
[16.255s] INFO:colcon.colcon_core.shell:Creating prefix util module '/home/username/ros2_ws/src/install/_local_setup_util_sh.py'
[16.256s] INFO:colcon.colcon_core.shell:Creating prefix chain script '/home/username/ros2_ws/src/install/setup.sh'
[16.259s] INFO:colcon.colcon_core.shell:Creating prefix script '/home/username/ros2_ws/src/install/local_setup.bash'
[16.260s] INFO:colcon.colcon_core.shell:Creating prefix chain script '/home/username/ros2_ws/src/install/setup.bash'
[16.263s] INFO:colcon.colcon_core.shell:Creating prefix script '/home/username/ros2_ws/src/install/local_setup.zsh'
[16.265s] INFO:colcon.colcon_core.shell:Creating prefix chain script '/home/username/ros2_ws/src/install/setup.zsh'
